        -:    0:Source:/home/ashwin/Academics/enpm_808x/git_cloned/enpm808x_pid_controller/vendor/googletest/googletest/src/gtest.cc
        -:    0:Graph:/home/ashwin/Academics/enpm_808x/git_cloned/enpm808x_pid_controller/build/vendor/googletest/googletest/CMakeFiles/gtest.dir/src/gtest-all.cc.gcno
        -:    0:Data:/home/ashwin/Academics/enpm_808x/git_cloned/enpm808x_pid_controller/build/vendor/googletest/googletest/CMakeFiles/gtest.dir/src/gtest-all.cc.gcda
        -:    0:Runs:2
        -:    0:Programs:1
        -:    1:// Copyright 2005, Google Inc.
        -:    2:// All rights reserved.
        -:    3://
        -:    4:// Redistribution and use in source and binary forms, with or without
        -:    5:// modification, are permitted provided that the following conditions are
        -:    6:// met:
        -:    7://
        -:    8://     * Redistributions of source code must retain the above copyright
        -:    9:// notice, this list of conditions and the following disclaimer.
        -:   10://     * Redistributions in binary form must reproduce the above
        -:   11:// copyright notice, this list of conditions and the following disclaimer
        -:   12:// in the documentation and/or other materials provided with the
        -:   13:// distribution.
        -:   14://     * Neither the name of Google Inc. nor the names of its
        -:   15:// contributors may be used to endorse or promote products derived from
        -:   16:// this software without specific prior written permission.
        -:   17://
        -:   18:// THIS SOFTWARE IS PROVIDED BY THE COPYRIGHT HOLDERS AND CONTRIBUTORS
        -:   19:// "AS IS" AND ANY EXPRESS OR IMPLIED WARRANTIES, INCLUDING, BUT NOT
        -:   20:// LIMITED TO, THE IMPLIED WARRANTIES OF MERCHANTABILITY AND FITNESS FOR
        -:   21:// A PARTICULAR PURPOSE ARE DISCLAIMED. IN NO EVENT SHALL THE COPYRIGHT
        -:   22:// OWNER OR CONTRIBUTORS BE LIABLE FOR ANY DIRECT, INDIRECT, INCIDENTAL,
        -:   23:// SPECIAL, EXEMPLARY, OR CONSEQUENTIAL DAMAGES (INCLUDING, BUT NOT
        -:   24:// LIMITED TO, PROCUREMENT OF SUBSTITUTE GOODS OR SERVICES; LOSS OF USE,
        -:   25:// DATA, OR PROFITS; OR BUSINESS INTERRUPTION) HOWEVER CAUSED AND ON ANY
        -:   26:// THEORY OF LIABILITY, WHETHER IN CONTRACT, STRICT LIABILITY, OR TORT
        -:   27:// (INCLUDING NEGLIGENCE OR OTHERWISE) ARISING IN ANY WAY OUT OF THE USE
        -:   28:// OF THIS SOFTWARE, EVEN IF ADVISED OF THE POSSIBILITY OF SUCH DAMAGE.
        -:   29://
        -:   30:// Author: wan@google.com (Zhanyong Wan)
        -:   31://
        -:   32:// The Google C++ Testing Framework (Google Test)
        -:   33:
        -:   34:#include "gtest/gtest.h"
        -:   35:#include "gtest/internal/custom/gtest.h"
        -:   36:#include "gtest/gtest-spi.h"
        -:   37:
        -:   38:#include <ctype.h>
        -:   39:#include <math.h>
        -:   40:#include <stdarg.h>
        -:   41:#include <stdio.h>
        -:   42:#include <stdlib.h>
        -:   43:#include <time.h>
        -:   44:#include <wchar.h>
        -:   45:#include <wctype.h>
        -:   46:
        -:   47:#include <algorithm>
        -:   48:#include <iomanip>
        -:   49:#include <limits>
        -:   50:#include <list>
        -:   51:#include <map>
        -:   52:#include <ostream>  // NOLINT
        -:   53:#include <sstream>
        -:   54:#include <vector>
        -:   55:
        -:   56:#if GTEST_OS_LINUX
        -:   57:
        -:   58:// TODO(kenton@google.com): Use autoconf to detect availability of
        -:   59:// gettimeofday().
        -:   60:# define GTEST_HAS_GETTIMEOFDAY_ 1
        -:   61:
        -:   62:# include <fcntl.h>  // NOLINT
        -:   63:# include <limits.h>  // NOLINT
        -:   64:# include <sched.h>  // NOLINT
        -:   65:// Declares vsnprintf().  This header is not available on Windows.
        -:   66:# include <strings.h>  // NOLINT
        -:   67:# include <sys/mman.h>  // NOLINT
        -:   68:# include <sys/time.h>  // NOLINT
        -:   69:# include <unistd.h>  // NOLINT
        -:   70:# include <string>
        -:   71:
        -:   72:#elif GTEST_OS_SYMBIAN
        -:   73:# define GTEST_HAS_GETTIMEOFDAY_ 1
        -:   74:# include <sys/time.h>  // NOLINT
        -:   75:
        -:   76:#elif GTEST_OS_ZOS
        -:   77:# define GTEST_HAS_GETTIMEOFDAY_ 1
        -:   78:# include <sys/time.h>  // NOLINT
        -:   79:
        -:   80:// On z/OS we additionally need strings.h for strcasecmp.
        -:   81:# include <strings.h>  // NOLINT
        -:   82:
        -:   83:#elif GTEST_OS_WINDOWS_MOBILE  // We are on Windows CE.
        -:   84:
        -:   85:# include <windows.h>  // NOLINT
        -:   86:# undef min
        -:   87:
        -:   88:#elif GTEST_OS_WINDOWS  // We are on Windows proper.
        -:   89:
        -:   90:# include <io.h>  // NOLINT
        -:   91:# include <sys/timeb.h>  // NOLINT
        -:   92:# include <sys/types.h>  // NOLINT
        -:   93:# include <sys/stat.h>  // NOLINT
        -:   94:
        -:   95:# if GTEST_OS_WINDOWS_MINGW
        -:   96:// MinGW has gettimeofday() but not _ftime64().
        -:   97:// TODO(kenton@google.com): Use autoconf to detect availability of
        -:   98://   gettimeofday().
        -:   99:// TODO(kenton@google.com): There are other ways to get the time on
        -:  100://   Windows, like GetTickCount() or GetSystemTimeAsFileTime().  MinGW
        -:  101://   supports these.  consider using them instead.
        -:  102:#  define GTEST_HAS_GETTIMEOFDAY_ 1
        -:  103:#  include <sys/time.h>  // NOLINT
        -:  104:# endif  // GTEST_OS_WINDOWS_MINGW
        -:  105:
        -:  106:// cpplint thinks that the header is already included, so we want to
        -:  107:// silence it.
        -:  108:# include <windows.h>  // NOLINT
        -:  109:# undef min
        -:  110:
        -:  111:#else
        -:  112:
        -:  113:// Assume other platforms have gettimeofday().
        -:  114:// TODO(kenton@google.com): Use autoconf to detect availability of
        -:  115://   gettimeofday().
        -:  116:# define GTEST_HAS_GETTIMEOFDAY_ 1
        -:  117:
        -:  118:// cpplint thinks that the header is already included, so we want to
        -:  119:// silence it.
        -:  120:# include <sys/time.h>  // NOLINT
        -:  121:# include <unistd.h>  // NOLINT
        -:  122:
        -:  123:#endif  // GTEST_OS_LINUX
        -:  124:
        -:  125:#if GTEST_HAS_EXCEPTIONS
        -:  126:# include <stdexcept>
        -:  127:#endif
        -:  128:
        -:  129:#if GTEST_CAN_STREAM_RESULTS_
        -:  130:# include <arpa/inet.h>  // NOLINT
        -:  131:# include <netdb.h>  // NOLINT
        -:  132:# include <sys/socket.h>  // NOLINT
        -:  133:# include <sys/types.h>  // NOLINT
        -:  134:#endif
        -:  135:
        -:  136:// Indicates that this translation unit is part of Google Test's
        -:  137:// implementation.  It must come before gtest-internal-inl.h is
        -:  138:// included, or there will be a compiler error.  This trick is to
        -:  139:// prevent a user from accidentally including gtest-internal-inl.h in
        -:  140:// his code.
        -:  141:#define GTEST_IMPLEMENTATION_ 1
        -:  142:#include "src/gtest-internal-inl.h"
        -:  143:#undef GTEST_IMPLEMENTATION_
        -:  144:
        -:  145:#if GTEST_OS_WINDOWS
        -:  146:# define vsnprintf _vsnprintf
        -:  147:#endif  // GTEST_OS_WINDOWS
        -:  148:
        -:  149:namespace testing {
        -:  150:
        -:  151:using internal::CountIf;
        -:  152:using internal::ForEach;
        -:  153:using internal::GetElementOr;
        -:  154:using internal::Shuffle;
        -:  155:
        -:  156:// Constants.
        -:  157:
        -:  158:// A test whose test case name or test name matches this filter is
        -:  159:// disabled and not run.
        -:  160:static const char kDisableTestFilter[] = "DISABLED_*:*/DISABLED_*";
        -:  161:
        -:  162:// A test case whose name matches this filter is considered a death
        -:  163:// test case and will be run before test cases whose name doesn't
        -:  164:// match this filter.
        -:  165:static const char kDeathTestCaseFilter[] = "*DeathTest:*DeathTest/*";
        -:  166:
        -:  167:// A test filter that matches everything.
        -:  168:static const char kUniversalFilter[] = "*";
        -:  169:
        -:  170:// The default output file for XML output.
        -:  171:static const char kDefaultOutputFile[] = "test_detail.xml";
        -:  172:
        -:  173:// The environment variable name for the test shard index.
        -:  174:static const char kTestShardIndex[] = "GTEST_SHARD_INDEX";
        -:  175:// The environment variable name for the total number of test shards.
        -:  176:static const char kTestTotalShards[] = "GTEST_TOTAL_SHARDS";
        -:  177:// The environment variable name for the test shard status file.
        -:  178:static const char kTestShardStatusFile[] = "GTEST_SHARD_STATUS_FILE";
        -:  179:
        -:  180:namespace internal {
        -:  181:
        -:  182:// The text used in failure messages to indicate the start of the
        -:  183:// stack trace.
        -:  184:const char kStackTraceMarker[] = "\nStack trace:\n";
        -:  185:
        -:  186:// g_help_flag is true iff the --help flag or an equivalent form is
        -:  187:// specified on the command line.
        -:  188:bool g_help_flag = false;
        -:  189:
        -:  190:}  // namespace internal
        -:  191:
        2:  192:static const char* GetDefaultFilter() {
        -:  193:#ifdef GTEST_TEST_FILTER_ENV_VAR_
        -:  194:  const char* const testbridge_test_only = getenv(GTEST_TEST_FILTER_ENV_VAR_);
        -:  195:  if (testbridge_test_only != NULL) {
        -:  196:    return testbridge_test_only;
        -:  197:  }
        -:  198:#endif  // GTEST_TEST_FILTER_ENV_VAR_
        2:  199:  return kUniversalFilter;
        -:  200:}
        -:  201:
        2:  202:GTEST_DEFINE_bool_(
        -:  203:    also_run_disabled_tests,
        -:  204:    internal::BoolFromGTestEnv("also_run_disabled_tests", false),
        -:  205:    "Run disabled tests too, in addition to the tests normally being run.");
        -:  206:
        2:  207:GTEST_DEFINE_bool_(
        -:  208:    break_on_failure,
        -:  209:    internal::BoolFromGTestEnv("break_on_failure", false),
        -:  210:    "True iff a failed assertion should be a debugger break-point.");
        -:  211:
        2:  212:GTEST_DEFINE_bool_(
        -:  213:    catch_exceptions,
        -:  214:    internal::BoolFromGTestEnv("catch_exceptions", true),
        -:  215:    "True iff " GTEST_NAME_
        -:  216:    " should catch exceptions and treat them as test failures.");
        -:  217:
        2:  218:GTEST_DEFINE_string_(
        -:  219:    color,
        -:  220:    internal::StringFromGTestEnv("color", "auto"),
        -:  221:    "Whether to use colors in the output.  Valid values: yes, no, "
        -:  222:    "and auto.  'auto' means to use colors if the output is "
        -:  223:    "being sent to a terminal and the TERM environment variable "
        -:  224:    "is set to a terminal type that supports colors.");
        -:  225:
        2:  226:GTEST_DEFINE_string_(
        -:  227:    filter,
        -:  228:    internal::StringFromGTestEnv("filter", GetDefaultFilter()),
        -:  229:    "A colon-separated list of glob (not regex) patterns "
        -:  230:    "for filtering the tests to run, optionally followed by a "
        -:  231:    "'-' and a : separated list of negative patterns (tests to "
        -:  232:    "exclude).  A test is run if it matches one of the positive "
        -:  233:    "patterns and does not match any of the negative patterns.");
        -:  234:
        -:  235:GTEST_DEFINE_bool_(list_tests, false,
        -:  236:                   "List all tests without running them.");
        -:  237:
        2:  238:GTEST_DEFINE_string_(
        -:  239:    output,
        -:  240:    internal::StringFromGTestEnv("output", ""),
        -:  241:    "A format (currently must be \"xml\"), optionally followed "
        -:  242:    "by a colon and an output file name or directory. A directory "
        -:  243:    "is indicated by a trailing pathname separator. "
        -:  244:    "Examples: \"xml:filename.xml\", \"xml::directoryname/\". "
        -:  245:    "If a directory is specified, output files will be created "
        -:  246:    "within that directory, with file-names based on the test "
        -:  247:    "executable's name and, if necessary, made unique by adding "
        -:  248:    "digits.");
        -:  249:
        2:  250:GTEST_DEFINE_bool_(
        -:  251:    print_time,
        -:  252:    internal::BoolFromGTestEnv("print_time", true),
        -:  253:    "True iff " GTEST_NAME_
        -:  254:    " should display elapsed time in text output.");
        -:  255:
        2:  256:GTEST_DEFINE_int32_(
        -:  257:    random_seed,
        -:  258:    internal::Int32FromGTestEnv("random_seed", 0),
        -:  259:    "Random number seed to use when shuffling test orders.  Must be in range "
        -:  260:    "[1, 99999], or 0 to use a seed based on the current time.");
        -:  261:
        2:  262:GTEST_DEFINE_int32_(
        -:  263:    repeat,
        -:  264:    internal::Int32FromGTestEnv("repeat", 1),
        -:  265:    "How many times to repeat each test.  Specify a negative number "
        -:  266:    "for repeating forever.  Useful for shaking out flaky tests.");
        -:  267:
        -:  268:GTEST_DEFINE_bool_(
        -:  269:    show_internal_stack_frames, false,
        -:  270:    "True iff " GTEST_NAME_ " should include internal stack frames when "
        -:  271:    "printing test failure stack traces.");
        -:  272:
        2:  273:GTEST_DEFINE_bool_(
        -:  274:    shuffle,
        -:  275:    internal::BoolFromGTestEnv("shuffle", false),
        -:  276:    "True iff " GTEST_NAME_
        -:  277:    " should randomize tests' order on every run.");
        -:  278:
        2:  279:GTEST_DEFINE_int32_(
        -:  280:    stack_trace_depth,
        -:  281:    internal::Int32FromGTestEnv("stack_trace_depth", kMaxStackTraceDepth),
        -:  282:    "The maximum number of stack frames to print when an "
        -:  283:    "assertion fails.  The valid range is 0 through 100, inclusive.");
        -:  284:
        2:  285:GTEST_DEFINE_string_(
        -:  286:    stream_result_to,
        -:  287:    internal::StringFromGTestEnv("stream_result_to", ""),
        -:  288:    "This flag specifies the host name and the port number on which to stream "
        -:  289:    "test results. Example: \"localhost:555\". The flag is effective only on "
        -:  290:    "Linux.");
        -:  291:
        2:  292:GTEST_DEFINE_bool_(
        -:  293:    throw_on_failure,
        -:  294:    internal::BoolFromGTestEnv("throw_on_failure", false),
        -:  295:    "When this flag is specified, a failed assertion will throw an exception "
        -:  296:    "if exceptions are enabled or exit the program with a non-zero code "
        -:  297:    "otherwise.");
        -:  298:
        -:  299:#if GTEST_USE_OWN_FLAGFILE_FLAG_
        2:  300:GTEST_DEFINE_string_(
        -:  301:    flagfile,
        -:  302:    internal::StringFromGTestEnv("flagfile", ""),
        -:  303:    "This flag specifies the flagfile to read command-line flags from.");
        -:  304:#endif  // GTEST_USE_OWN_FLAGFILE_FLAG_
        -:  305:
        -:  306:namespace internal {
        -:  307:
        -:  308:// Generates a random number from [0, range), using a Linear
        -:  309:// Congruential Generator (LCG).  Crashes if 'range' is 0 or greater
        -:  310:// than kMaxRange.
    #####:  311:UInt32 Random::Generate(UInt32 range) {
        -:  312:  // These constants are the same as are used in glibc's rand(3).
    #####:  313:  state_ = (1103515245U*state_ + 12345U) % kMaxRange;
        -:  314:
    #####:  315:  GTEST_CHECK_(range > 0)
    #####:  316:      << "Cannot generate a number in the range [0, 0).";
    #####:  317:  GTEST_CHECK_(range <= kMaxRange)
    #####:  318:      << "Generation of a number in [0, " << range << ") was requested, "
    #####:  319:      << "but this can only generate numbers in [0, " << kMaxRange << ").";
        -:  320:
        -:  321:  // Converting via modulus introduces a bit of downward bias, but
        -:  322:  // it's simple, and a linear congruential generator isn't too good
        -:  323:  // to begin with.
    #####:  324:  return state_ % range;
        -:  325:}
        -:  326:
        -:  327:// GTestIsInitialized() returns true iff the user has initialized
        -:  328:// Google Test.  Useful for catching the user mistake of not initializing
        -:  329:// Google Test before calling RUN_ALL_TESTS().
        4:  330:static bool GTestIsInitialized() { return GetArgvs().size() > 0; }
        -:  331:
        -:  332:// Iterates over a vector of TestCases, keeping a running sum of the
        -:  333:// results of calling a given int-returning method on each.
        -:  334:// Returns the sum.
       10:  335:static int SumOverTestCaseList(const std::vector<TestCase*>& case_list,
        -:  336:                               int (TestCase::*method)() const) {
       10:  337:  int sum = 0;
       20:  338:  for (size_t i = 0; i < case_list.size(); i++) {
       10:  339:    sum += (case_list[i]->*method)();
        -:  340:  }
       10:  341:  return sum;
        -:  342:}
        -:  343:
        -:  344:// Returns true iff the test case passed.
    #####:  345:static bool TestCasePassed(const TestCase* test_case) {
    #####:  346:  return test_case->should_run() && test_case->Passed();
        -:  347:}
        -:  348:
        -:  349:// Returns true iff the test case failed.
        4:  350:static bool TestCaseFailed(const TestCase* test_case) {
        4:  351:  return test_case->should_run() && test_case->Failed();
        -:  352:}
        -:  353:
        -:  354:// Returns true iff test_case contains at least one test that should
        -:  355:// run.
        4:  356:static bool ShouldRunTestCase(const TestCase* test_case) {
        4:  357:  return test_case->should_run();
        -:  358:}
        -:  359:
        -:  360:// AssertHelper constructor.
    #####:  361:AssertHelper::AssertHelper(TestPartResult::Type type,
        -:  362:                           const char* file,
        -:  363:                           int line,
        -:  364:                           const char* message)
    #####:  365:    : data_(new AssertHelperData(type, file, line, message)) {
    #####:  366:}
        -:  367:
    #####:  368:AssertHelper::~AssertHelper() {
    #####:  369:  delete data_;
    #####:  370:}
        -:  371:
        -:  372:// Message assignment, for assertion streaming support.
    #####:  373:void AssertHelper::operator=(const Message& message) const {
        -:  374:  UnitTest::GetInstance()->
    #####:  375:    AddTestPartResult(data_->type, data_->file, data_->line,
    #####:  376:                      AppendUserMessage(data_->message, message),
        -:  377:                      UnitTest::GetInstance()->impl()
    #####:  378:                      ->CurrentOsStackTraceExceptTop(1)
        -:  379:                      // Skips the stack frame for this function itself.
    #####:  380:                      );  // NOLINT
    #####:  381:}
        -:  382:
        -:  383:// Mutex for linked pointers.
        -:  384:GTEST_API_ GTEST_DEFINE_STATIC_MUTEX_(g_linked_ptr_mutex);
        -:  385:
        -:  386:// A copy of all command line arguments.  Set by InitGoogleTest().
        2:  387:::std::vector<testing::internal::string> g_argvs;
        -:  388:
        4:  389:const ::std::vector<testing::internal::string>& GetArgvs() {
        -:  390:#if defined(GTEST_CUSTOM_GET_ARGVS_)
        -:  391:  return GTEST_CUSTOM_GET_ARGVS_();
        -:  392:#else  // defined(GTEST_CUSTOM_GET_ARGVS_)
        4:  393:  return g_argvs;
        -:  394:#endif  // defined(GTEST_CUSTOM_GET_ARGVS_)
        -:  395:}
        -:  396:
        -:  397:// Returns the current application's name, removing directory path if that
        -:  398:// is present.
    #####:  399:FilePath GetCurrentExecutableName() {
    #####:  400:  FilePath result;
        -:  401:
        -:  402:#if GTEST_OS_WINDOWS
        -:  403:  result.Set(FilePath(GetArgvs()[0]).RemoveExtension("exe"));
        -:  404:#else
    #####:  405:  result.Set(FilePath(GetArgvs()[0]));
        -:  406:#endif  // GTEST_OS_WINDOWS
        -:  407:
    #####:  408:  return result.RemoveDirectoryName();
        -:  409:}
        -:  410:
        -:  411:// Functions for processing the gtest_output flag.
        -:  412:
        -:  413:// Returns the output format, or "" for normal printed output.
        2:  414:std::string UnitTestOptions::GetOutputFormat() {
        2:  415:  const char* const gtest_output_flag = GTEST_FLAG(output).c_str();
        2:  416:  if (gtest_output_flag == NULL) return std::string("");
        -:  417:
        2:  418:  const char* const colon = strchr(gtest_output_flag, ':');
        -:  419:  return (colon == NULL) ?
        -:  420:      std::string(gtest_output_flag) :
        2:  421:      std::string(gtest_output_flag, colon - gtest_output_flag);
        -:  422:}
        -:  423:
        -:  424:// Returns the name of the requested output file, or the default if none
        -:  425:// was explicitly specified.
    #####:  426:std::string UnitTestOptions::GetAbsolutePathToOutputFile() {
    #####:  427:  const char* const gtest_output_flag = GTEST_FLAG(output).c_str();
    #####:  428:  if (gtest_output_flag == NULL)
    #####:  429:    return "";
        -:  430:
    #####:  431:  const char* const colon = strchr(gtest_output_flag, ':');
    #####:  432:  if (colon == NULL)
    #####:  433:    return internal::FilePath::ConcatPaths(
        -:  434:        internal::FilePath(
        -:  435:            UnitTest::GetInstance()->original_working_dir()),
    #####:  436:        internal::FilePath(kDefaultOutputFile)).string();
        -:  437:
    #####:  438:  internal::FilePath output_name(colon + 1);
    #####:  439:  if (!output_name.IsAbsolutePath())
        -:  440:    // TODO(wan@google.com): on Windows \some\path is not an absolute
        -:  441:    // path (as its meaning depends on the current drive), yet the
        -:  442:    // following logic for turning it into an absolute path is wrong.
        -:  443:    // Fix it.
    #####:  444:    output_name = internal::FilePath::ConcatPaths(
        -:  445:        internal::FilePath(UnitTest::GetInstance()->original_working_dir()),
    #####:  446:        internal::FilePath(colon + 1));
        -:  447:
    #####:  448:  if (!output_name.IsDirectory())
    #####:  449:    return output_name.string();
        -:  450:
        -:  451:  internal::FilePath result(internal::FilePath::GenerateUniqueFileName(
    #####:  452:      output_name, internal::GetCurrentExecutableName(),
    #####:  453:      GetOutputFormat().c_str()));
    #####:  454:  return result.string();
        -:  455:}
        -:  456:
        -:  457:// Returns true iff the wildcard pattern matches the string.  The
        -:  458:// first ':' or '\0' character in pattern marks the end of it.
        -:  459://
        -:  460:// This recursive algorithm isn't very efficient, but is clear and
        -:  461:// works well enough for matching test names, which are short.
      164:  462:bool UnitTestOptions::PatternMatchesString(const char *pattern,
        -:  463:                                           const char *str) {
      164:  464:  switch (*pattern) {
        -:  465:    case '\0':
        -:  466:    case ':':  // Either ':' or '\0' marks the end of the pattern.
        4:  467:      return *str == '\0';
        -:  468:    case '?':  // Matches any single character.
    #####:  469:      return *str != '\0' && PatternMatchesString(pattern + 1, str + 1);
        -:  470:    case '*':  // Matches any string (possibly empty) of characters.
      158:  471:      return (*str != '\0' && PatternMatchesString(pattern, str + 1)) ||
      158:  472:          PatternMatchesString(pattern + 1, str);
        -:  473:    default:  // Non-special character.  Matches itself.
       64:  474:      return *pattern == *str &&
       64:  475:          PatternMatchesString(pattern + 1, str + 1);
        -:  476:  }
        -:  477:}
        -:  478:
       10:  479:bool UnitTestOptions::MatchesFilter(
        -:  480:    const std::string& name, const char* filter) {
       10:  481:  const char *cur_pattern = filter;
        6:  482:  for (;;) {
       16:  483:    if (PatternMatchesString(cur_pattern, name.c_str())) {
        2:  484:      return true;
        -:  485:    }
        -:  486:
        -:  487:    // Finds the next pattern in the filter.
       14:  488:    cur_pattern = strchr(cur_pattern, ':');
        -:  489:
        -:  490:    // Returns if no more pattern can be found.
       14:  491:    if (cur_pattern == NULL) {
        8:  492:      return false;
        -:  493:    }
        -:  494:
        -:  495:    // Skips the pattern separater (the ':' character).
        6:  496:    cur_pattern++;
        -:  497:  }
        -:  498:}
        -:  499:
        -:  500:// Returns true iff the user-specified filter matches the test case
        -:  501:// name and the test name.
        2:  502:bool UnitTestOptions::FilterMatchesTest(const std::string &test_case_name,
        -:  503:                                        const std::string &test_name) {
        4:  504:  const std::string& full_name = test_case_name + "." + test_name.c_str();
        -:  505:
        -:  506:  // Split --gtest_filter at '-', if there is one, to separate into
        -:  507:  // positive filter and negative filter portions
        2:  508:  const char* const p = GTEST_FLAG(filter).c_str();
        2:  509:  const char* const dash = strchr(p, '-');
        4:  510:  std::string positive;
        4:  511:  std::string negative;
        2:  512:  if (dash == NULL) {
        2:  513:    positive = GTEST_FLAG(filter).c_str();  // Whole string is a positive filter
        2:  514:    negative = "";
        -:  515:  } else {
    #####:  516:    positive = std::string(p, dash);   // Everything up to the dash
    #####:  517:    negative = std::string(dash + 1);  // Everything after the dash
    #####:  518:    if (positive.empty()) {
        -:  519:      // Treat '-test1' as the same as '*-test1'
    #####:  520:      positive = kUniversalFilter;
        -:  521:    }
        -:  522:  }
        -:  523:
        -:  524:  // A filter is a colon-separated list of patterns.  It matches a
        -:  525:  // test if any pattern in it matches the test.
        4:  526:  return (MatchesFilter(full_name, positive.c_str()) &&
        6:  527:          !MatchesFilter(full_name, negative.c_str()));
        -:  528:}
        -:  529:
        -:  530:#if GTEST_HAS_SEH
        -:  531:// Returns EXCEPTION_EXECUTE_HANDLER if Google Test should handle the
        -:  532:// given SEH exception, or EXCEPTION_CONTINUE_SEARCH otherwise.
        -:  533:// This function is useful as an __except condition.
        -:  534:int UnitTestOptions::GTestShouldProcessSEH(DWORD exception_code) {
        -:  535:  // Google Test should handle a SEH exception if:
        -:  536:  //   1. the user wants it to, AND
        -:  537:  //   2. this is not a breakpoint exception, AND
        -:  538:  //   3. this is not a C++ exception (VC++ implements them via SEH,
        -:  539:  //      apparently).
        -:  540:  //
        -:  541:  // SEH exception code for C++ exceptions.
        -:  542:  // (see http://support.microsoft.com/kb/185294 for more information).
        -:  543:  const DWORD kCxxExceptionCode = 0xe06d7363;
        -:  544:
        -:  545:  bool should_handle = true;
        -:  546:
        -:  547:  if (!GTEST_FLAG(catch_exceptions))
        -:  548:    should_handle = false;
        -:  549:  else if (exception_code == EXCEPTION_BREAKPOINT)
        -:  550:    should_handle = false;
        -:  551:  else if (exception_code == kCxxExceptionCode)
        -:  552:    should_handle = false;
        -:  553:
        -:  554:  return should_handle ? EXCEPTION_EXECUTE_HANDLER : EXCEPTION_CONTINUE_SEARCH;
        -:  555:}
        -:  556:#endif  // GTEST_HAS_SEH
        -:  557:
        -:  558:}  // namespace internal
        -:  559:
        -:  560:// The c'tor sets this object as the test part result reporter used by
        -:  561:// Google Test.  The 'result' parameter specifies where to report the
        -:  562:// results. Intercepts only failures from the current thread.
    #####:  563:ScopedFakeTestPartResultReporter::ScopedFakeTestPartResultReporter(
        -:  564:    TestPartResultArray* result)
        -:  565:    : intercept_mode_(INTERCEPT_ONLY_CURRENT_THREAD),
    #####:  566:      result_(result) {
    #####:  567:  Init();
    #####:  568:}
        -:  569:
        -:  570:// The c'tor sets this object as the test part result reporter used by
        -:  571:// Google Test.  The 'result' parameter specifies where to report the
        -:  572:// results.
    #####:  573:ScopedFakeTestPartResultReporter::ScopedFakeTestPartResultReporter(
        -:  574:    InterceptMode intercept_mode, TestPartResultArray* result)
        -:  575:    : intercept_mode_(intercept_mode),
    #####:  576:      result_(result) {
    #####:  577:  Init();
    #####:  578:}
        -:  579:
    #####:  580:void ScopedFakeTestPartResultReporter::Init() {
    #####:  581:  internal::UnitTestImpl* const impl = internal::GetUnitTestImpl();
    #####:  582:  if (intercept_mode_ == INTERCEPT_ALL_THREADS) {
    #####:  583:    old_reporter_ = impl->GetGlobalTestPartResultReporter();
    #####:  584:    impl->SetGlobalTestPartResultReporter(this);
        -:  585:  } else {
    #####:  586:    old_reporter_ = impl->GetTestPartResultReporterForCurrentThread();
    #####:  587:    impl->SetTestPartResultReporterForCurrentThread(this);
        -:  588:  }
    #####:  589:}
        -:  590:
        -:  591:// The d'tor restores the test part result reporter used by Google Test
        -:  592:// before.
    #####:  593:ScopedFakeTestPartResultReporter::~ScopedFakeTestPartResultReporter() {
    #####:  594:  internal::UnitTestImpl* const impl = internal::GetUnitTestImpl();
    #####:  595:  if (intercept_mode_ == INTERCEPT_ALL_THREADS) {
    #####:  596:    impl->SetGlobalTestPartResultReporter(old_reporter_);
        -:  597:  } else {
    #####:  598:    impl->SetTestPartResultReporterForCurrentThread(old_reporter_);
        -:  599:  }
    #####:  600:}
        -:  601:
        -:  602:// Increments the test part result count and remembers the result.
        -:  603:// This method is from the TestPartResultReporterInterface interface.
    #####:  604:void ScopedFakeTestPartResultReporter::ReportTestPartResult(
        -:  605:    const TestPartResult& result) {
    #####:  606:  result_->Append(result);
    #####:  607:}
        -:  608:
        -:  609:namespace internal {
        -:  610:
        -:  611:// Returns the type ID of ::testing::Test.  We should always call this
        -:  612:// instead of GetTypeId< ::testing::Test>() to get the type ID of
        -:  613:// testing::Test.  This is to work around a suspected linker bug when
        -:  614:// using Google Test as a framework on Mac OS X.  The bug causes
        -:  615:// GetTypeId< ::testing::Test>() to return different values depending
        -:  616:// on whether the call is from the Google Test framework itself or
        -:  617:// from user test code.  GetTestTypeId() is guaranteed to always
        -:  618:// return the same value, as it always calls GetTypeId<>() from the
        -:  619:// gtest.cc, which is within the Google Test framework.
        4:  620:TypeId GetTestTypeId() {
        4:  621:  return GetTypeId<Test>();
        -:  622:}
        -:  623:
        -:  624:// The value of GetTestTypeId() as seen from within the Google Test
        -:  625:// library.  This is solely for testing GetTestTypeId().
        2:  626:extern const TypeId kTestTypeIdInGoogleTest = GetTestTypeId();
        -:  627:
        -:  628:// This predicate-formatter checks that 'results' contains a test part
        -:  629:// failure of the given type and that the failure message contains the
        -:  630:// given substring.
    #####:  631:AssertionResult HasOneFailure(const char* /* results_expr */,
        -:  632:                              const char* /* type_expr */,
        -:  633:                              const char* /* substr_expr */,
        -:  634:                              const TestPartResultArray& results,
        -:  635:                              TestPartResult::Type type,
        -:  636:                              const string& substr) {
        -:  637:  const std::string expected(type == TestPartResult::kFatalFailure ?
        -:  638:                        "1 fatal failure" :
    #####:  639:                        "1 non-fatal failure");
    #####:  640:  Message msg;
    #####:  641:  if (results.size() != 1) {
    #####:  642:    msg << "Expected: " << expected << "\n"
    #####:  643:        << "  Actual: " << results.size() << " failures";
    #####:  644:    for (int i = 0; i < results.size(); i++) {
    #####:  645:      msg << "\n" << results.GetTestPartResult(i);
        -:  646:    }
    #####:  647:    return AssertionFailure() << msg;
        -:  648:  }
        -:  649:
    #####:  650:  const TestPartResult& r = results.GetTestPartResult(0);
    #####:  651:  if (r.type() != type) {
    #####:  652:    return AssertionFailure() << "Expected: " << expected << "\n"
    #####:  653:                              << "  Actual:\n"
    #####:  654:                              << r;
        -:  655:  }
        -:  656:
    #####:  657:  if (strstr(r.message(), substr.c_str()) == NULL) {
    #####:  658:    return AssertionFailure() << "Expected: " << expected << " containing \""
    #####:  659:                              << substr << "\"\n"
    #####:  660:                              << "  Actual:\n"
    #####:  661:                              << r;
        -:  662:  }
        -:  663:
    #####:  664:  return AssertionSuccess();
        -:  665:}
        -:  666:
        -:  667:// The constructor of SingleFailureChecker remembers where to look up
        -:  668:// test part results, what type of failure we expect, and what
        -:  669:// substring the failure message should contain.
    #####:  670:SingleFailureChecker:: SingleFailureChecker(
        -:  671:    const TestPartResultArray* results,
        -:  672:    TestPartResult::Type type,
        -:  673:    const string& substr)
        -:  674:    : results_(results),
        -:  675:      type_(type),
    #####:  676:      substr_(substr) {}
        -:  677:
        -:  678:// The destructor of SingleFailureChecker verifies that the given
        -:  679:// TestPartResultArray contains exactly one failure that has the given
        -:  680:// type and contains the given substring.  If that's not the case, a
        -:  681:// non-fatal failure will be generated.
    #####:  682:SingleFailureChecker::~SingleFailureChecker() {
    #####:  683:  EXPECT_PRED_FORMAT3(HasOneFailure, *results_, type_, substr_);
    #####:  684:}
        -:  685:
        2:  686:DefaultGlobalTestPartResultReporter::DefaultGlobalTestPartResultReporter(
        2:  687:    UnitTestImpl* unit_test) : unit_test_(unit_test) {}
        -:  688:
    #####:  689:void DefaultGlobalTestPartResultReporter::ReportTestPartResult(
        -:  690:    const TestPartResult& result) {
    #####:  691:  unit_test_->current_test_result()->AddTestPartResult(result);
    #####:  692:  unit_test_->listeners()->repeater()->OnTestPartResult(result);
    #####:  693:}
        -:  694:
        2:  695:DefaultPerThreadTestPartResultReporter::DefaultPerThreadTestPartResultReporter(
        2:  696:    UnitTestImpl* unit_test) : unit_test_(unit_test) {}
        -:  697:
    #####:  698:void DefaultPerThreadTestPartResultReporter::ReportTestPartResult(
        -:  699:    const TestPartResult& result) {
    #####:  700:  unit_test_->GetGlobalTestPartResultReporter()->ReportTestPartResult(result);
    #####:  701:}
        -:  702:
        -:  703:// Returns the global test part result reporter.
        -:  704:TestPartResultReporterInterface*
    #####:  705:UnitTestImpl::GetGlobalTestPartResultReporter() {
    #####:  706:  internal::MutexLock lock(&global_test_part_result_reporter_mutex_);
    #####:  707:  return global_test_part_result_repoter_;
        -:  708:}
        -:  709:
        -:  710:// Sets the global test part result reporter.
    #####:  711:void UnitTestImpl::SetGlobalTestPartResultReporter(
        -:  712:    TestPartResultReporterInterface* reporter) {
    #####:  713:  internal::MutexLock lock(&global_test_part_result_reporter_mutex_);
    #####:  714:  global_test_part_result_repoter_ = reporter;
    #####:  715:}
        -:  716:
        -:  717:// Returns the test part result reporter for the current thread.
        -:  718:TestPartResultReporterInterface*
    #####:  719:UnitTestImpl::GetTestPartResultReporterForCurrentThread() {
    #####:  720:  return per_thread_test_part_result_reporter_.get();
        -:  721:}
        -:  722:
        -:  723:// Sets the test part result reporter for the current thread.
    #####:  724:void UnitTestImpl::SetTestPartResultReporterForCurrentThread(
        -:  725:    TestPartResultReporterInterface* reporter) {
    #####:  726:  per_thread_test_part_result_reporter_.set(reporter);
    #####:  727:}
        -:  728:
        -:  729:// Gets the number of successful test cases.
    #####:  730:int UnitTestImpl::successful_test_case_count() const {
    #####:  731:  return CountIf(test_cases_, TestCasePassed);
        -:  732:}
        -:  733:
        -:  734:// Gets the number of failed test cases.
        4:  735:int UnitTestImpl::failed_test_case_count() const {
        4:  736:  return CountIf(test_cases_, TestCaseFailed);
        -:  737:}
        -:  738:
        -:  739:// Gets the number of all test cases.
        4:  740:int UnitTestImpl::total_test_case_count() const {
        4:  741:  return static_cast<int>(test_cases_.size());
        -:  742:}
        -:  743:
        -:  744:// Gets the number of all test cases that contain at least one test
        -:  745:// that should run.
        4:  746:int UnitTestImpl::test_case_to_run_count() const {
        4:  747:  return CountIf(test_cases_, ShouldRunTestCase);
        -:  748:}
        -:  749:
        -:  750:// Gets the number of successful tests.
        2:  751:int UnitTestImpl::successful_test_count() const {
        2:  752:  return SumOverTestCaseList(test_cases_, &TestCase::successful_test_count);
        -:  753:}
        -:  754:
        -:  755:// Gets the number of failed tests.
        2:  756:int UnitTestImpl::failed_test_count() const {
        2:  757:  return SumOverTestCaseList(test_cases_, &TestCase::failed_test_count);
        -:  758:}
        -:  759:
        -:  760:// Gets the number of disabled tests that will be reported in the XML report.
        2:  761:int UnitTestImpl::reportable_disabled_test_count() const {
        2:  762:  return SumOverTestCaseList(test_cases_,
        2:  763:                             &TestCase::reportable_disabled_test_count);
        -:  764:}
        -:  765:
        -:  766:// Gets the number of disabled tests.
    #####:  767:int UnitTestImpl::disabled_test_count() const {
    #####:  768:  return SumOverTestCaseList(test_cases_, &TestCase::disabled_test_count);
        -:  769:}
        -:  770:
        -:  771:// Gets the number of tests to be printed in the XML report.
    #####:  772:int UnitTestImpl::reportable_test_count() const {
    #####:  773:  return SumOverTestCaseList(test_cases_, &TestCase::reportable_test_count);
        -:  774:}
        -:  775:
        -:  776:// Gets the number of all tests.
    #####:  777:int UnitTestImpl::total_test_count() const {
    #####:  778:  return SumOverTestCaseList(test_cases_, &TestCase::total_test_count);
        -:  779:}
        -:  780:
        -:  781:// Gets the number of tests that should run.
        4:  782:int UnitTestImpl::test_to_run_count() const {
        4:  783:  return SumOverTestCaseList(test_cases_, &TestCase::test_to_run_count);
        -:  784:}
        -:  785:
        -:  786:// Returns the current OS stack trace as an std::string.
        -:  787://
        -:  788:// The maximum number of stack frames to be included is specified by
        -:  789:// the gtest_stack_trace_depth flag.  The skip_count parameter
        -:  790:// specifies the number of top frames to be skipped, which doesn't
        -:  791:// count against the number of frames to be included.
        -:  792://
        -:  793:// For example, if Foo() calls Bar(), which in turn calls
        -:  794:// CurrentOsStackTraceExceptTop(1), Foo() will be included in the
        -:  795:// trace but Bar() and CurrentOsStackTraceExceptTop() won't.
    #####:  796:std::string UnitTestImpl::CurrentOsStackTraceExceptTop(int skip_count) {
    #####:  797:  return os_stack_trace_getter()->CurrentStackTrace(
        -:  798:      static_cast<int>(GTEST_FLAG(stack_trace_depth)),
        -:  799:      skip_count + 1
        -:  800:      // Skips the user-specified number of frames plus this function
        -:  801:      // itself.
    #####:  802:      );  // NOLINT
        -:  803:}
        -:  804:
        -:  805:// Returns the current time in milliseconds.
       14:  806:TimeInMillis GetTimeInMillis() {
        -:  807:#if GTEST_OS_WINDOWS_MOBILE || defined(__BORLANDC__)
        -:  808:  // Difference between 1970-01-01 and 1601-01-01 in milliseconds.
        -:  809:  // http://analogous.blogspot.com/2005/04/epoch.html
        -:  810:  const TimeInMillis kJavaEpochToWinFileTimeDelta =
        -:  811:    static_cast<TimeInMillis>(116444736UL) * 100000UL;
        -:  812:  const DWORD kTenthMicrosInMilliSecond = 10000;
        -:  813:
        -:  814:  SYSTEMTIME now_systime;
        -:  815:  FILETIME now_filetime;
        -:  816:  ULARGE_INTEGER now_int64;
        -:  817:  // TODO(kenton@google.com): Shouldn't this just use
        -:  818:  //   GetSystemTimeAsFileTime()?
        -:  819:  GetSystemTime(&now_systime);
        -:  820:  if (SystemTimeToFileTime(&now_systime, &now_filetime)) {
        -:  821:    now_int64.LowPart = now_filetime.dwLowDateTime;
        -:  822:    now_int64.HighPart = now_filetime.dwHighDateTime;
        -:  823:    now_int64.QuadPart = (now_int64.QuadPart / kTenthMicrosInMilliSecond) -
        -:  824:      kJavaEpochToWinFileTimeDelta;
        -:  825:    return now_int64.QuadPart;
        -:  826:  }
        -:  827:  return 0;
        -:  828:#elif GTEST_OS_WINDOWS && !GTEST_HAS_GETTIMEOFDAY_
        -:  829:  __timeb64 now;
        -:  830:
        -:  831:  // MSVC 8 deprecates _ftime64(), so we want to suppress warning 4996
        -:  832:  // (deprecated function) there.
        -:  833:  // TODO(kenton@google.com): Use GetTickCount()?  Or use
        -:  834:  //   SystemTimeToFileTime()
        -:  835:  GTEST_DISABLE_MSC_WARNINGS_PUSH_(4996)
        -:  836:  _ftime64(&now);
        -:  837:  GTEST_DISABLE_MSC_WARNINGS_POP_()
        -:  838:
        -:  839:  return static_cast<TimeInMillis>(now.time) * 1000 + now.millitm;
        -:  840:#elif GTEST_HAS_GETTIMEOFDAY_
        -:  841:  struct timeval now;
       14:  842:  gettimeofday(&now, NULL);
       14:  843:  return static_cast<TimeInMillis>(now.tv_sec) * 1000 + now.tv_usec / 1000;
        -:  844:#else
        -:  845:# error "Don't know how to get the current time on your system."
        -:  846:#endif
        -:  847:}
        -:  848:
        -:  849:// Utilities
        -:  850:
        -:  851:// class String.
        -:  852:
        -:  853:#if GTEST_OS_WINDOWS_MOBILE
        -:  854:// Creates a UTF-16 wide string from the given ANSI string, allocating
        -:  855:// memory using new. The caller is responsible for deleting the return
        -:  856:// value using delete[]. Returns the wide string, or NULL if the
        -:  857:// input is NULL.
        -:  858:LPCWSTR String::AnsiToUtf16(const char* ansi) {
        -:  859:  if (!ansi) return NULL;
        -:  860:  const int length = strlen(ansi);
        -:  861:  const int unicode_length =
        -:  862:      MultiByteToWideChar(CP_ACP, 0, ansi, length,
        -:  863:                          NULL, 0);
        -:  864:  WCHAR* unicode = new WCHAR[unicode_length + 1];
        -:  865:  MultiByteToWideChar(CP_ACP, 0, ansi, length,
        -:  866:                      unicode, unicode_length);
        -:  867:  unicode[unicode_length] = 0;
        -:  868:  return unicode;
        -:  869:}
        -:  870:
        -:  871:// Creates an ANSI string from the given wide string, allocating
        -:  872:// memory using new. The caller is responsible for deleting the return
        -:  873:// value using delete[]. Returns the ANSI string, or NULL if the
        -:  874:// input is NULL.
        -:  875:const char* String::Utf16ToAnsi(LPCWSTR utf16_str)  {
        -:  876:  if (!utf16_str) return NULL;
        -:  877:  const int ansi_length =
        -:  878:      WideCharToMultiByte(CP_ACP, 0, utf16_str, -1,
        -:  879:                          NULL, 0, NULL, NULL);
        -:  880:  char* ansi = new char[ansi_length + 1];
        -:  881:  WideCharToMultiByte(CP_ACP, 0, utf16_str, -1,
        -:  882:                      ansi, ansi_length, NULL, NULL);
        -:  883:  ansi[ansi_length] = 0;
        -:  884:  return ansi;
        -:  885:}
        -:  886:
        -:  887:#endif  // GTEST_OS_WINDOWS_MOBILE
        -:  888:
        -:  889:// Compares two C strings.  Returns true iff they have the same content.
        -:  890://
        -:  891:// Unlike strcmp(), this function can handle NULL argument(s).  A NULL
        -:  892:// C string is considered different to any non-NULL C string,
        -:  893:// including the empty string.
        8:  894:bool String::CStringEquals(const char * lhs, const char * rhs) {
        8:  895:  if ( lhs == NULL ) return rhs == NULL;
        -:  896:
        8:  897:  if ( rhs == NULL ) return false;
        -:  898:
        8:  899:  return strcmp(lhs, rhs) == 0;
        -:  900:}
        -:  901:
        -:  902:#if GTEST_HAS_STD_WSTRING || GTEST_HAS_GLOBAL_WSTRING
        -:  903:
        -:  904:// Converts an array of wide chars to a narrow string using the UTF-8
        -:  905:// encoding, and streams the result to the given Message object.
    #####:  906:static void StreamWideCharsToMessage(const wchar_t* wstr, size_t length,
        -:  907:                                     Message* msg) {
    #####:  908:  for (size_t i = 0; i != length; ) {  // NOLINT
    #####:  909:    if (wstr[i] != L'\0') {
    #####:  910:      *msg << WideStringToUtf8(wstr + i, static_cast<int>(length - i));
    #####:  911:      while (i != length && wstr[i] != L'\0')
    #####:  912:        i++;
        -:  913:    } else {
    #####:  914:      *msg << '\0';
    #####:  915:      i++;
        -:  916:    }
        -:  917:  }
    #####:  918:}
        -:  919:
        -:  920:#endif  // GTEST_HAS_STD_WSTRING || GTEST_HAS_GLOBAL_WSTRING
        -:  921:
    #####:  922:void SplitString(const ::std::string& str, char delimiter,
        -:  923:                 ::std::vector< ::std::string>* dest) {
    #####:  924:  ::std::vector< ::std::string> parsed;
    #####:  925:  ::std::string::size_type pos = 0;
    #####:  926:  while (::testing::internal::AlwaysTrue()) {
    #####:  927:    const ::std::string::size_type colon = str.find(delimiter, pos);
    #####:  928:    if (colon == ::std::string::npos) {
    #####:  929:      parsed.push_back(str.substr(pos));
    #####:  930:      break;
        -:  931:    } else {
    #####:  932:      parsed.push_back(str.substr(pos, colon - pos));
    #####:  933:      pos = colon + 1;
        -:  934:    }
        -:  935:  }
    #####:  936:  dest->swap(parsed);
    #####:  937:}
        -:  938:
        -:  939:}  // namespace internal
        -:  940:
        -:  941:// Constructs an empty Message.
        -:  942:// We allocate the stringstream separately because otherwise each use of
        -:  943:// ASSERT/EXPECT in a procedure adds over 200 bytes to the procedure's
        -:  944:// stack frame leading to huge stack frames in some cases; gcc does not reuse
        -:  945:// the stack space.
       86:  946:Message::Message() : ss_(new ::std::stringstream) {
        -:  947:  // By default, we want there to be enough precision when printing
        -:  948:  // a double to a Message.
       86:  949:  *ss_ << std::setprecision(std::numeric_limits<double>::digits10 + 2);
       86:  950:}
        -:  951:
        -:  952:// These two overloads allow streaming a wide C string to a Message
        -:  953:// using the UTF-8 encoding.
    #####:  954:Message& Message::operator <<(const wchar_t* wide_c_str) {
    #####:  955:  return *this << internal::String::ShowWideCString(wide_c_str);
        -:  956:}
    #####:  957:Message& Message::operator <<(wchar_t* wide_c_str) {
    #####:  958:  return *this << internal::String::ShowWideCString(wide_c_str);
        -:  959:}
        -:  960:
        -:  961:#if GTEST_HAS_STD_WSTRING
        -:  962:// Converts the given wide string to a narrow string using the UTF-8
        -:  963:// encoding, and streams the result to this Message object.
    #####:  964:Message& Message::operator <<(const ::std::wstring& wstr) {
    #####:  965:  internal::StreamWideCharsToMessage(wstr.c_str(), wstr.length(), this);
    #####:  966:  return *this;
        -:  967:}
        -:  968:#endif  // GTEST_HAS_STD_WSTRING
        -:  969:
        -:  970:#if GTEST_HAS_GLOBAL_WSTRING
        -:  971:// Converts the given wide string to a narrow string using the UTF-8
        -:  972:// encoding, and streams the result to this Message object.
        -:  973:Message& Message::operator <<(const ::wstring& wstr) {
        -:  974:  internal::StreamWideCharsToMessage(wstr.c_str(), wstr.length(), this);
        -:  975:  return *this;
        -:  976:}
        -:  977:#endif  // GTEST_HAS_GLOBAL_WSTRING
        -:  978:
        -:  979:// Gets the text streamed to this object so far as an std::string.
        -:  980:// Each '\0' character in the buffer is replaced with "\\0".
       86:  981:std::string Message::GetString() const {
       86:  982:  return internal::StringStreamToString(ss_.get());
        -:  983:}
        -:  984:
        -:  985:// AssertionResult constructors.
        -:  986:// Used in EXPECT_TRUE/FALSE(assertion_result).
    #####:  987:AssertionResult::AssertionResult(const AssertionResult& other)
    #####:  988:    : success_(other.success_),
    #####:  989:      message_(other.message_.get() != NULL ?
    #####:  990:               new ::std::string(*other.message_) :
    #####:  991:               static_cast< ::std::string*>(NULL)) {
    #####:  992:}
        -:  993:
        -:  994:// Swaps two AssertionResults.
    #####:  995:void AssertionResult::swap(AssertionResult& other) {
        -:  996:  using std::swap;
    #####:  997:  swap(success_, other.success_);
    #####:  998:  swap(message_, other.message_);
    #####:  999:}
        -: 1000:
        -: 1001:// Returns the assertion's negation. Used with EXPECT/ASSERT_FALSE.
    #####: 1002:AssertionResult AssertionResult::operator!() const {
    #####: 1003:  AssertionResult negation(!success_);
    #####: 1004:  if (message_.get() != NULL)
    #####: 1005:    negation << *message_;
    #####: 1006:  return negation;
        -: 1007:}
        -: 1008:
        -: 1009:// Makes a successful assertion result.
        2: 1010:AssertionResult AssertionSuccess() {
        2: 1011:  return AssertionResult(true);
        -: 1012:}
        -: 1013:
        -: 1014:// Makes a failed assertion result.
    #####: 1015:AssertionResult AssertionFailure() {
    #####: 1016:  return AssertionResult(false);
        -: 1017:}
        -: 1018:
        -: 1019:// Makes a failed assertion result with the given failure message.
        -: 1020:// Deprecated; use AssertionFailure() << message.
    #####: 1021:AssertionResult AssertionFailure(const Message& message) {
    #####: 1022:  return AssertionFailure() << message;
        -: 1023:}
        -: 1024:
        -: 1025:namespace internal {
        -: 1026:
        -: 1027:namespace edit_distance {
    #####: 1028:std::vector<EditType> CalculateOptimalEdits(const std::vector<size_t>& left,
        -: 1029:                                            const std::vector<size_t>& right) {
        -: 1030:  std::vector<std::vector<double> > costs(
    #####: 1031:      left.size() + 1, std::vector<double>(right.size() + 1));
        -: 1032:  std::vector<std::vector<EditType> > best_move(
    #####: 1033:      left.size() + 1, std::vector<EditType>(right.size() + 1));
        -: 1034:
        -: 1035:  // Populate for empty right.
    #####: 1036:  for (size_t l_i = 0; l_i < costs.size(); ++l_i) {
    #####: 1037:    costs[l_i][0] = static_cast<double>(l_i);
    #####: 1038:    best_move[l_i][0] = kRemove;
        -: 1039:  }
        -: 1040:  // Populate for empty left.
    #####: 1041:  for (size_t r_i = 1; r_i < costs[0].size(); ++r_i) {
    #####: 1042:    costs[0][r_i] = static_cast<double>(r_i);
    #####: 1043:    best_move[0][r_i] = kAdd;
        -: 1044:  }
        -: 1045:
    #####: 1046:  for (size_t l_i = 0; l_i < left.size(); ++l_i) {
    #####: 1047:    for (size_t r_i = 0; r_i < right.size(); ++r_i) {
    #####: 1048:      if (left[l_i] == right[r_i]) {
        -: 1049:        // Found a match. Consume it.
    #####: 1050:        costs[l_i + 1][r_i + 1] = costs[l_i][r_i];
    #####: 1051:        best_move[l_i + 1][r_i + 1] = kMatch;
    #####: 1052:        continue;
        -: 1053:      }
        -: 1054:
    #####: 1055:      const double add = costs[l_i + 1][r_i];
    #####: 1056:      const double remove = costs[l_i][r_i + 1];
    #####: 1057:      const double replace = costs[l_i][r_i];
    #####: 1058:      if (add < remove && add < replace) {
    #####: 1059:        costs[l_i + 1][r_i + 1] = add + 1;
    #####: 1060:        best_move[l_i + 1][r_i + 1] = kAdd;
    #####: 1061:      } else if (remove < add && remove < replace) {
    #####: 1062:        costs[l_i + 1][r_i + 1] = remove + 1;
    #####: 1063:        best_move[l_i + 1][r_i + 1] = kRemove;
        -: 1064:      } else {
        -: 1065:        // We make replace a little more expensive than add/remove to lower
        -: 1066:        // their priority.
    #####: 1067:        costs[l_i + 1][r_i + 1] = replace + 1.00001;
    #####: 1068:        best_move[l_i + 1][r_i + 1] = kReplace;
        -: 1069:      }
        -: 1070:    }
        -: 1071:  }
        -: 1072:
        -: 1073:  // Reconstruct the best path. We do it in reverse order.
    #####: 1074:  std::vector<EditType> best_path;
    #####: 1075:  for (size_t l_i = left.size(), r_i = right.size(); l_i > 0 || r_i > 0;) {
    #####: 1076:    EditType move = best_move[l_i][r_i];
    #####: 1077:    best_path.push_back(move);
    #####: 1078:    l_i -= move != kAdd;
    #####: 1079:    r_i -= move != kRemove;
        -: 1080:  }
    #####: 1081:  std::reverse(best_path.begin(), best_path.end());
    #####: 1082:  return best_path;
        -: 1083:}
        -: 1084:
        -: 1085:namespace {
        -: 1086:
        -: 1087:// Helper class to convert string into ids with deduplication.
    #####: 1088:class InternalStrings {
        -: 1089: public:
    #####: 1090:  size_t GetId(const std::string& str) {
    #####: 1091:    IdMap::iterator it = ids_.find(str);
    #####: 1092:    if (it != ids_.end()) return it->second;
    #####: 1093:    size_t id = ids_.size();
    #####: 1094:    return ids_[str] = id;
        -: 1095:  }
        -: 1096:
        -: 1097: private:
        -: 1098:  typedef std::map<std::string, size_t> IdMap;
        -: 1099:  IdMap ids_;
        -: 1100:};
        -: 1101:
        -: 1102:}  // namespace
        -: 1103:
    #####: 1104:std::vector<EditType> CalculateOptimalEdits(
        -: 1105:    const std::vector<std::string>& left,
        -: 1106:    const std::vector<std::string>& right) {
    #####: 1107:  std::vector<size_t> left_ids, right_ids;
        -: 1108:  {
    #####: 1109:    InternalStrings intern_table;
    #####: 1110:    for (size_t i = 0; i < left.size(); ++i) {
    #####: 1111:      left_ids.push_back(intern_table.GetId(left[i]));
        -: 1112:    }
    #####: 1113:    for (size_t i = 0; i < right.size(); ++i) {
    #####: 1114:      right_ids.push_back(intern_table.GetId(right[i]));
        -: 1115:    }
        -: 1116:  }
    #####: 1117:  return CalculateOptimalEdits(left_ids, right_ids);
        -: 1118:}
        -: 1119:
        -: 1120:namespace {
        -: 1121:
        -: 1122:// Helper class that holds the state for one hunk and prints it out to the
        -: 1123:// stream.
        -: 1124:// It reorders adds/removes when possible to group all removes before all
        -: 1125:// adds. It also adds the hunk header before printint into the stream.
    #####: 1126:class Hunk {
        -: 1127: public:
    #####: 1128:  Hunk(size_t left_start, size_t right_start)
        -: 1129:      : left_start_(left_start),
        -: 1130:        right_start_(right_start),
        -: 1131:        adds_(),
        -: 1132:        removes_(),
    #####: 1133:        common_() {}
        -: 1134:
    #####: 1135:  void PushLine(char edit, const char* line) {
    #####: 1136:    switch (edit) {
        -: 1137:      case ' ':
    #####: 1138:        ++common_;
    #####: 1139:        FlushEdits();
    #####: 1140:        hunk_.push_back(std::make_pair(' ', line));
    #####: 1141:        break;
        -: 1142:      case '-':
    #####: 1143:        ++removes_;
    #####: 1144:        hunk_removes_.push_back(std::make_pair('-', line));
    #####: 1145:        break;
        -: 1146:      case '+':
    #####: 1147:        ++adds_;
    #####: 1148:        hunk_adds_.push_back(std::make_pair('+', line));
    #####: 1149:        break;
        -: 1150:    }
    #####: 1151:  }
        -: 1152:
    #####: 1153:  void PrintTo(std::ostream* os) {
    #####: 1154:    PrintHeader(os);
    #####: 1155:    FlushEdits();
    #####: 1156:    for (std::list<std::pair<char, const char*> >::const_iterator it =
    #####: 1157:             hunk_.begin();
    #####: 1158:         it != hunk_.end(); ++it) {
    #####: 1159:      *os << it->first << it->second << "\n";
        -: 1160:    }
    #####: 1161:  }
        -: 1162:
    #####: 1163:  bool has_edits() const { return adds_ || removes_; }
        -: 1164:
        -: 1165: private:
    #####: 1166:  void FlushEdits() {
    #####: 1167:    hunk_.splice(hunk_.end(), hunk_removes_);
    #####: 1168:    hunk_.splice(hunk_.end(), hunk_adds_);
    #####: 1169:  }
        -: 1170:
        -: 1171:  // Print a unified diff header for one hunk.
        -: 1172:  // The format is
        -: 1173:  //   "@@ -<left_start>,<left_length> +<right_start>,<right_length> @@"
        -: 1174:  // where the left/right parts are ommitted if unnecessary.
    #####: 1175:  void PrintHeader(std::ostream* ss) const {
    #####: 1176:    *ss << "@@ ";
    #####: 1177:    if (removes_) {
    #####: 1178:      *ss << "-" << left_start_ << "," << (removes_ + common_);
        -: 1179:    }
    #####: 1180:    if (removes_ && adds_) {
    #####: 1181:      *ss << " ";
        -: 1182:    }
    #####: 1183:    if (adds_) {
    #####: 1184:      *ss << "+" << right_start_ << "," << (adds_ + common_);
        -: 1185:    }
    #####: 1186:    *ss << " @@\n";
    #####: 1187:  }
        -: 1188:
        -: 1189:  size_t left_start_, right_start_;
        -: 1190:  size_t adds_, removes_, common_;
        -: 1191:  std::list<std::pair<char, const char*> > hunk_, hunk_adds_, hunk_removes_;
        -: 1192:};
        -: 1193:
        -: 1194:}  // namespace
        -: 1195:
        -: 1196:// Create a list of diff hunks in Unified diff format.
        -: 1197:// Each hunk has a header generated by PrintHeader above plus a body with
        -: 1198:// lines prefixed with ' ' for no change, '-' for deletion and '+' for
        -: 1199:// addition.
        -: 1200:// 'context' represents the desired unchanged prefix/suffix around the diff.
        -: 1201:// If two hunks are close enough that their contexts overlap, then they are
        -: 1202:// joined into one hunk.
    #####: 1203:std::string CreateUnifiedDiff(const std::vector<std::string>& left,
        -: 1204:                              const std::vector<std::string>& right,
        -: 1205:                              size_t context) {
    #####: 1206:  const std::vector<EditType> edits = CalculateOptimalEdits(left, right);
        -: 1207:
    #####: 1208:  size_t l_i = 0, r_i = 0, edit_i = 0;
    #####: 1209:  std::stringstream ss;
    #####: 1210:  while (edit_i < edits.size()) {
        -: 1211:    // Find first edit.
    #####: 1212:    while (edit_i < edits.size() && edits[edit_i] == kMatch) {
    #####: 1213:      ++l_i;
    #####: 1214:      ++r_i;
    #####: 1215:      ++edit_i;
        -: 1216:    }
        -: 1217:
        -: 1218:    // Find the first line to include in the hunk.
    #####: 1219:    const size_t prefix_context = std::min(l_i, context);
    #####: 1220:    Hunk hunk(l_i - prefix_context + 1, r_i - prefix_context + 1);
    #####: 1221:    for (size_t i = prefix_context; i > 0; --i) {
    #####: 1222:      hunk.PushLine(' ', left[l_i - i].c_str());
        -: 1223:    }
        -: 1224:
        -: 1225:    // Iterate the edits until we found enough suffix for the hunk or the input
        -: 1226:    // is over.
    #####: 1227:    size_t n_suffix = 0;
    #####: 1228:    for (; edit_i < edits.size(); ++edit_i) {
    #####: 1229:      if (n_suffix >= context) {
        -: 1230:        // Continue only if the next hunk is very close.
    #####: 1231:        std::vector<EditType>::const_iterator it = edits.begin() + edit_i;
    #####: 1232:        while (it != edits.end() && *it == kMatch) ++it;
    #####: 1233:        if (it == edits.end() || (it - edits.begin()) - edit_i >= context) {
        -: 1234:          // There is no next edit or it is too far away.
    #####: 1235:          break;
        -: 1236:        }
        -: 1237:      }
        -: 1238:
    #####: 1239:      EditType edit = edits[edit_i];
        -: 1240:      // Reset count when a non match is found.
    #####: 1241:      n_suffix = edit == kMatch ? n_suffix + 1 : 0;
        -: 1242:
    #####: 1243:      if (edit == kMatch || edit == kRemove || edit == kReplace) {
    #####: 1244:        hunk.PushLine(edit == kMatch ? ' ' : '-', left[l_i].c_str());
        -: 1245:      }
    #####: 1246:      if (edit == kAdd || edit == kReplace) {
    #####: 1247:        hunk.PushLine('+', right[r_i].c_str());
        -: 1248:      }
        -: 1249:
        -: 1250:      // Advance indices, depending on edit type.
    #####: 1251:      l_i += edit != kAdd;
    #####: 1252:      r_i += edit != kRemove;
        -: 1253:    }
        -: 1254:
    #####: 1255:    if (!hunk.has_edits()) {
        -: 1256:      // We are done. We don't want this hunk.
    #####: 1257:      break;
        -: 1258:    }
        -: 1259:
    #####: 1260:    hunk.PrintTo(&ss);
        -: 1261:  }
    #####: 1262:  return ss.str();
        -: 1263:}
        -: 1264:
        -: 1265:}  // namespace edit_distance
        -: 1266:
        -: 1267:namespace {
        -: 1268:
        -: 1269:// The string representation of the values received in EqFailure() are already
        -: 1270:// escaped. Split them on escaped '\n' boundaries. Leave all other escaped
        -: 1271:// characters the same.
    #####: 1272:std::vector<std::string> SplitEscapedString(const std::string& str) {
    #####: 1273:  std::vector<std::string> lines;
    #####: 1274:  size_t start = 0, end = str.size();
    #####: 1275:  if (end > 2 && str[0] == '"' && str[end - 1] == '"') {
    #####: 1276:    ++start;
    #####: 1277:    --end;
        -: 1278:  }
    #####: 1279:  bool escaped = false;
    #####: 1280:  for (size_t i = start; i + 1 < end; ++i) {
    #####: 1281:    if (escaped) {
    #####: 1282:      escaped = false;
    #####: 1283:      if (str[i] == 'n') {
    #####: 1284:        lines.push_back(str.substr(start, i - start - 1));
    #####: 1285:        start = i + 1;
        -: 1286:      }
        -: 1287:    } else {
    #####: 1288:      escaped = str[i] == '\\';
        -: 1289:    }
        -: 1290:  }
    #####: 1291:  lines.push_back(str.substr(start, end - start));
    #####: 1292:  return lines;
        -: 1293:}
        -: 1294:
        -: 1295:}  // namespace
        -: 1296:
        -: 1297:// Constructs and returns the message for an equality assertion
        -: 1298:// (e.g. ASSERT_EQ, EXPECT_STREQ, etc) failure.
        -: 1299://
        -: 1300:// The first four parameters are the expressions used in the assertion
        -: 1301:// and their values, as strings.  For example, for ASSERT_EQ(foo, bar)
        -: 1302:// where foo is 5 and bar is 6, we have:
        -: 1303://
        -: 1304://   lhs_expression: "foo"
        -: 1305://   rhs_expression: "bar"
        -: 1306://   lhs_value:      "5"
        -: 1307://   rhs_value:      "6"
        -: 1308://
        -: 1309:// The ignoring_case parameter is true iff the assertion is a
        -: 1310:// *_STRCASEEQ*.  When it's true, the string "Ignoring case" will
        -: 1311:// be inserted into the message.
    #####: 1312:AssertionResult EqFailure(const char* lhs_expression,
        -: 1313:                          const char* rhs_expression,
        -: 1314:                          const std::string& lhs_value,
        -: 1315:                          const std::string& rhs_value,
        -: 1316:                          bool ignoring_case) {
    #####: 1317:  Message msg;
    #####: 1318:  msg << "      Expected: " << lhs_expression;
    #####: 1319:  if (lhs_value != lhs_expression) {
    #####: 1320:    msg << "\n      Which is: " << lhs_value;
        -: 1321:  }
    #####: 1322:  msg << "\nTo be equal to: " << rhs_expression;
    #####: 1323:  if (rhs_value != rhs_expression) {
    #####: 1324:    msg << "\n      Which is: " << rhs_value;
        -: 1325:  }
        -: 1326:
    #####: 1327:  if (ignoring_case) {
    #####: 1328:    msg << "\nIgnoring case";
        -: 1329:  }
        -: 1330:
    #####: 1331:  if (!lhs_value.empty() && !rhs_value.empty()) {
        -: 1332:    const std::vector<std::string> lhs_lines =
    #####: 1333:        SplitEscapedString(lhs_value);
        -: 1334:    const std::vector<std::string> rhs_lines =
    #####: 1335:        SplitEscapedString(rhs_value);
    #####: 1336:    if (lhs_lines.size() > 1 || rhs_lines.size() > 1) {
    #####: 1337:      msg << "\nWith diff:\n"
    #####: 1338:          << edit_distance::CreateUnifiedDiff(lhs_lines, rhs_lines);
        -: 1339:    }
        -: 1340:  }
        -: 1341:
    #####: 1342:  return AssertionFailure() << msg;
        -: 1343:}
        -: 1344:
        -: 1345:// Constructs a failure message for Boolean assertions such as EXPECT_TRUE.
    #####: 1346:std::string GetBoolAssertionFailureMessage(
        -: 1347:    const AssertionResult& assertion_result,
        -: 1348:    const char* expression_text,
        -: 1349:    const char* actual_predicate_value,
        -: 1350:    const char* expected_predicate_value) {
    #####: 1351:  const char* actual_message = assertion_result.message();
    #####: 1352:  Message msg;
    #####: 1353:  msg << "Value of: " << expression_text
    #####: 1354:      << "\n  Actual: " << actual_predicate_value;
    #####: 1355:  if (actual_message[0] != '\0')
    #####: 1356:    msg << " (" << actual_message << ")";
    #####: 1357:  msg << "\nExpected: " << expected_predicate_value;
    #####: 1358:  return msg.GetString();
        -: 1359:}
        -: 1360:
        -: 1361:// Helper function for implementing ASSERT_NEAR.
    #####: 1362:AssertionResult DoubleNearPredFormat(const char* expr1,
        -: 1363:                                     const char* expr2,
        -: 1364:                                     const char* abs_error_expr,
        -: 1365:                                     double val1,
        -: 1366:                                     double val2,
        -: 1367:                                     double abs_error) {
    #####: 1368:  const double diff = fabs(val1 - val2);
    #####: 1369:  if (diff <= abs_error) return AssertionSuccess();
        -: 1370:
        -: 1371:  // TODO(wan): do not print the value of an expression if it's
        -: 1372:  // already a literal.
    #####: 1373:  return AssertionFailure()
    #####: 1374:      << "The difference between " << expr1 << " and " << expr2
    #####: 1375:      << " is " << diff << ", which exceeds " << abs_error_expr << ", where\n"
    #####: 1376:      << expr1 << " evaluates to " << val1 << ",\n"
    #####: 1377:      << expr2 << " evaluates to " << val2 << ", and\n"
    #####: 1378:      << abs_error_expr << " evaluates to " << abs_error << ".";
        -: 1379:}
        -: 1380:
        -: 1381:
        -: 1382:// Helper template for implementing FloatLE() and DoubleLE().
        -: 1383:template <typename RawType>
    #####: 1384:AssertionResult FloatingPointLE(const char* expr1,
        -: 1385:                                const char* expr2,
        -: 1386:                                RawType val1,
        -: 1387:                                RawType val2) {
        -: 1388:  // Returns success if val1 is less than val2,
    #####: 1389:  if (val1 < val2) {
    #####: 1390:    return AssertionSuccess();
        -: 1391:  }
        -: 1392:
        -: 1393:  // or if val1 is almost equal to val2.
    #####: 1394:  const FloatingPoint<RawType> lhs(val1), rhs(val2);
    #####: 1395:  if (lhs.AlmostEquals(rhs)) {
    #####: 1396:    return AssertionSuccess();
        -: 1397:  }
        -: 1398:
        -: 1399:  // Note that the above two checks will both fail if either val1 or
        -: 1400:  // val2 is NaN, as the IEEE floating-point standard requires that
        -: 1401:  // any predicate involving a NaN must return false.
        -: 1402:
    #####: 1403:  ::std::stringstream val1_ss;
    #####: 1404:  val1_ss << std::setprecision(std::numeric_limits<RawType>::digits10 + 2)
        -: 1405:          << val1;
        -: 1406:
    #####: 1407:  ::std::stringstream val2_ss;
    #####: 1408:  val2_ss << std::setprecision(std::numeric_limits<RawType>::digits10 + 2)
        -: 1409:          << val2;
        -: 1410:
        -: 1411:  return AssertionFailure()
    #####: 1412:      << "Expected: (" << expr1 << ") <= (" << expr2 << ")\n"
    #####: 1413:      << "  Actual: " << StringStreamToString(&val1_ss) << " vs "
    #####: 1414:      << StringStreamToString(&val2_ss);
        -: 1415:}
        -: 1416:
        -: 1417:}  // namespace internal
        -: 1418:
        -: 1419:// Asserts that val1 is less than, or almost equal to, val2.  Fails
        -: 1420:// otherwise.  In particular, it fails if either val1 or val2 is NaN.
    #####: 1421:AssertionResult FloatLE(const char* expr1, const char* expr2,
        -: 1422:                        float val1, float val2) {
    #####: 1423:  return internal::FloatingPointLE<float>(expr1, expr2, val1, val2);
        -: 1424:}
        -: 1425:
        -: 1426:// Asserts that val1 is less than, or almost equal to, val2.  Fails
        -: 1427:// otherwise.  In particular, it fails if either val1 or val2 is NaN.
    #####: 1428:AssertionResult DoubleLE(const char* expr1, const char* expr2,
        -: 1429:                         double val1, double val2) {
    #####: 1430:  return internal::FloatingPointLE<double>(expr1, expr2, val1, val2);
        -: 1431:}
        -: 1432:
        -: 1433:namespace internal {
        -: 1434:
        -: 1435:// The helper function for {ASSERT|EXPECT}_EQ with int or enum
        -: 1436:// arguments.
    #####: 1437:AssertionResult CmpHelperEQ(const char* lhs_expression,
        -: 1438:                            const char* rhs_expression,
        -: 1439:                            BiggestInt lhs,
        -: 1440:                            BiggestInt rhs) {
    #####: 1441:  if (lhs == rhs) {
    #####: 1442:    return AssertionSuccess();
        -: 1443:  }
        -: 1444:
        -: 1445:  return EqFailure(lhs_expression,
        -: 1446:                   rhs_expression,
    #####: 1447:                   FormatForComparisonFailureMessage(lhs, rhs),
    #####: 1448:                   FormatForComparisonFailureMessage(rhs, lhs),
    #####: 1449:                   false);
        -: 1450:}
        -: 1451:
        -: 1452:// A macro for implementing the helper functions needed to implement
        -: 1453:// ASSERT_?? and EXPECT_?? with integer or enum arguments.  It is here
        -: 1454:// just to avoid copy-and-paste of similar code.
        -: 1455:#define GTEST_IMPL_CMP_HELPER_(op_name, op)\
        -: 1456:AssertionResult CmpHelper##op_name(const char* expr1, const char* expr2, \
        -: 1457:                                   BiggestInt val1, BiggestInt val2) {\
        -: 1458:  if (val1 op val2) {\
        -: 1459:    return AssertionSuccess();\
        -: 1460:  } else {\
        -: 1461:    return AssertionFailure() \
        -: 1462:        << "Expected: (" << expr1 << ") " #op " (" << expr2\
        -: 1463:        << "), actual: " << FormatForComparisonFailureMessage(val1, val2)\
        -: 1464:        << " vs " << FormatForComparisonFailureMessage(val2, val1);\
        -: 1465:  }\
        -: 1466:}
        -: 1467:
        -: 1468:// Implements the helper function for {ASSERT|EXPECT}_NE with int or
        -: 1469:// enum arguments.
    #####: 1470:GTEST_IMPL_CMP_HELPER_(NE, !=)
        -: 1471:// Implements the helper function for {ASSERT|EXPECT}_LE with int or
        -: 1472:// enum arguments.
    #####: 1473:GTEST_IMPL_CMP_HELPER_(LE, <=)
        -: 1474:// Implements the helper function for {ASSERT|EXPECT}_LT with int or
        -: 1475:// enum arguments.
    #####: 1476:GTEST_IMPL_CMP_HELPER_(LT, < )
        -: 1477:// Implements the helper function for {ASSERT|EXPECT}_GE with int or
        -: 1478:// enum arguments.
    #####: 1479:GTEST_IMPL_CMP_HELPER_(GE, >=)
        -: 1480:// Implements the helper function for {ASSERT|EXPECT}_GT with int or
        -: 1481:// enum arguments.
    #####: 1482:GTEST_IMPL_CMP_HELPER_(GT, > )
        -: 1483:
        -: 1484:#undef GTEST_IMPL_CMP_HELPER_
        -: 1485:
        -: 1486:// The helper function for {ASSERT|EXPECT}_STREQ.
    #####: 1487:AssertionResult CmpHelperSTREQ(const char* lhs_expression,
        -: 1488:                               const char* rhs_expression,
        -: 1489:                               const char* lhs,
        -: 1490:                               const char* rhs) {
    #####: 1491:  if (String::CStringEquals(lhs, rhs)) {
    #####: 1492:    return AssertionSuccess();
        -: 1493:  }
        -: 1494:
        -: 1495:  return EqFailure(lhs_expression,
        -: 1496:                   rhs_expression,
    #####: 1497:                   PrintToString(lhs),
    #####: 1498:                   PrintToString(rhs),
    #####: 1499:                   false);
        -: 1500:}
        -: 1501:
        -: 1502:// The helper function for {ASSERT|EXPECT}_STRCASEEQ.
    #####: 1503:AssertionResult CmpHelperSTRCASEEQ(const char* lhs_expression,
        -: 1504:                                   const char* rhs_expression,
        -: 1505:                                   const char* lhs,
        -: 1506:                                   const char* rhs) {
    #####: 1507:  if (String::CaseInsensitiveCStringEquals(lhs, rhs)) {
    #####: 1508:    return AssertionSuccess();
        -: 1509:  }
        -: 1510:
        -: 1511:  return EqFailure(lhs_expression,
        -: 1512:                   rhs_expression,
    #####: 1513:                   PrintToString(lhs),
    #####: 1514:                   PrintToString(rhs),
    #####: 1515:                   true);
        -: 1516:}
        -: 1517:
        -: 1518:// The helper function for {ASSERT|EXPECT}_STRNE.
    #####: 1519:AssertionResult CmpHelperSTRNE(const char* s1_expression,
        -: 1520:                               const char* s2_expression,
        -: 1521:                               const char* s1,
        -: 1522:                               const char* s2) {
    #####: 1523:  if (!String::CStringEquals(s1, s2)) {
    #####: 1524:    return AssertionSuccess();
        -: 1525:  } else {
    #####: 1526:    return AssertionFailure() << "Expected: (" << s1_expression << ") != ("
    #####: 1527:                              << s2_expression << "), actual: \""
    #####: 1528:                              << s1 << "\" vs \"" << s2 << "\"";
        -: 1529:  }
        -: 1530:}
        -: 1531:
        -: 1532:// The helper function for {ASSERT|EXPECT}_STRCASENE.
    #####: 1533:AssertionResult CmpHelperSTRCASENE(const char* s1_expression,
        -: 1534:                                   const char* s2_expression,
        -: 1535:                                   const char* s1,
        -: 1536:                                   const char* s2) {
    #####: 1537:  if (!String::CaseInsensitiveCStringEquals(s1, s2)) {
    #####: 1538:    return AssertionSuccess();
        -: 1539:  } else {
    #####: 1540:    return AssertionFailure()
    #####: 1541:        << "Expected: (" << s1_expression << ") != ("
    #####: 1542:        << s2_expression << ") (ignoring case), actual: \""
    #####: 1543:        << s1 << "\" vs \"" << s2 << "\"";
        -: 1544:  }
        -: 1545:}
        -: 1546:
        -: 1547:}  // namespace internal
        -: 1548:
        -: 1549:namespace {
        -: 1550:
        -: 1551:// Helper functions for implementing IsSubString() and IsNotSubstring().
        -: 1552:
        -: 1553:// This group of overloaded functions return true iff needle is a
        -: 1554:// substring of haystack.  NULL is considered a substring of itself
        -: 1555:// only.
        -: 1556:
    #####: 1557:bool IsSubstringPred(const char* needle, const char* haystack) {
    #####: 1558:  if (needle == NULL || haystack == NULL)
    #####: 1559:    return needle == haystack;
        -: 1560:
    #####: 1561:  return strstr(haystack, needle) != NULL;
        -: 1562:}
        -: 1563:
    #####: 1564:bool IsSubstringPred(const wchar_t* needle, const wchar_t* haystack) {
    #####: 1565:  if (needle == NULL || haystack == NULL)
    #####: 1566:    return needle == haystack;
        -: 1567:
    #####: 1568:  return wcsstr(haystack, needle) != NULL;
        -: 1569:}
        -: 1570:
        -: 1571:// StringType here can be either ::std::string or ::std::wstring.
        -: 1572:template <typename StringType>
[...]
    #####: 5022:  const std::string flag_str = std::string("--") + GTEST_FLAG_PREFIX_ + flag;
    #####: 5023:  const size_t flag_len = flag_str.length();
    #####: 5024:  if (strncmp(str, flag_str.c_str(), flag_len) != 0) return NULL;
        -: 5025:
        -: 5026:  // Skips the flag name.
    #####: 5027:  const char* flag_end = str + flag_len;
        -: 5028:
        -: 5029:  // When def_optional is true, it's OK to not have a "=value" part.
    #####: 5030:  if (def_optional && (flag_end[0] == '\0')) {
    #####: 5031:    return flag_end;
        -: 5032:  }
        -: 5033:
        -: 5034:  // If def_optional is true and there are more characters after the
        -: 5035:  // flag name, or if def_optional is false, there must be a '=' after
        -: 5036:  // the flag name.
    #####: 5037:  if (flag_end[0] != '=') return NULL;
        -: 5038:
        -: 5039:  // Returns the string after "=".
    #####: 5040:  return flag_end + 1;
        -: 5041:}
        -: 5042:
        -: 5043:// Parses a string for a bool flag, in the form of either
        -: 5044:// "--flag=value" or "--flag".
        -: 5045://
        -: 5046:// In the former case, the value is taken as true as long as it does
        -: 5047:// not start with '0', 'f', or 'F'.
        -: 5048://
        -: 5049:// In the latter case, the value is taken as true.
        -: 5050://
        -: 5051:// On success, stores the value of the flag in *value, and returns
        -: 5052:// true.  On failure, returns false without changing *value.
    #####: 5053:bool ParseBoolFlag(const char* str, const char* flag, bool* value) {
        -: 5054:  // Gets the value of the flag as a string.
    #####: 5055:  const char* const value_str = ParseFlagValue(str, flag, true);
        -: 5056:
        -: 5057:  // Aborts if the parsing failed.
    #####: 5058:  if (value_str == NULL) return false;
        -: 5059:
        -: 5060:  // Converts the string value to a bool.
    #####: 5061:  *value = !(*value_str == '0' || *value_str == 'f' || *value_str == 'F');
    #####: 5062:  return true;
        -: 5063:}
        -: 5064:
        -: 5065:// Parses a string for an Int32 flag, in the form of
        -: 5066:// "--flag=value".
        -: 5067://
        -: 5068:// On success, stores the value of the flag in *value, and returns
        -: 5069:// true.  On failure, returns false without changing *value.
    #####: 5070:bool ParseInt32Flag(const char* str, const char* flag, Int32* value) {
        -: 5071:  // Gets the value of the flag as a string.
    #####: 5072:  const char* const value_str = ParseFlagValue(str, flag, false);
        -: 5073:
        -: 5074:  // Aborts if the parsing failed.
    #####: 5075:  if (value_str == NULL) return false;
        -: 5076:
        -: 5077:  // Sets *value to the value of the flag.
    #####: 5078:  return ParseInt32(Message() << "The value of flag --" << flag,
    #####: 5079:                    value_str, value);
        -: 5080:}
        -: 5081:
        -: 5082:// Parses a string for a string flag, in the form of
        -: 5083:// "--flag=value".
        -: 5084://
        -: 5085:// On success, stores the value of the flag in *value, and returns
        -: 5086:// true.  On failure, returns false without changing *value.
    #####: 5087:bool ParseStringFlag(const char* str, const char* flag, std::string* value) {
        -: 5088:  // Gets the value of the flag as a string.
    #####: 5089:  const char* const value_str = ParseFlagValue(str, flag, false);
        -: 5090:
        -: 5091:  // Aborts if the parsing failed.
    #####: 5092:  if (value_str == NULL) return false;
        -: 5093:
        -: 5094:  // Sets *value to the value of the flag.
    #####: 5095:  *value = value_str;
    #####: 5096:  return true;
        -: 5097:}
        -: 5098:
        -: 5099:// Determines whether a string has a prefix that Google Test uses for its
        -: 5100:// flags, i.e., starts with GTEST_FLAG_PREFIX_ or GTEST_FLAG_PREFIX_DASH_.
        -: 5101:// If Google Test detects that a command line flag has its prefix but is not
        -: 5102:// recognized, it will print its help message. Flags starting with
        -: 5103:// GTEST_INTERNAL_PREFIX_ followed by "internal_" are considered Google Test
        -: 5104:// internal flags and do not trigger the help message.
    #####: 5105:static bool HasGoogleTestFlagPrefix(const char* str) {
    #####: 5106:  return (SkipPrefix("--", &str) ||
    #####: 5107:          SkipPrefix("-", &str) ||
    #####: 5108:          SkipPrefix("/", &str)) &&
    #####: 5109:         !SkipPrefix(GTEST_FLAG_PREFIX_ "internal_", &str) &&
    #####: 5110:         (SkipPrefix(GTEST_FLAG_PREFIX_, &str) ||
    #####: 5111:          SkipPrefix(GTEST_FLAG_PREFIX_DASH_, &str));
        -: 5112:}
        -: 5113:
        -: 5114:// Prints a string containing code-encoded text.  The following escape
        -: 5115:// sequences can be used in the string to control the text color:
        -: 5116://
        -: 5117://   @@    prints a single '@' character.
        -: 5118://   @R    changes the color to red.
        -: 5119://   @G    changes the color to green.
        -: 5120://   @Y    changes the color to yellow.
        -: 5121://   @D    changes to the default terminal text color.
        -: 5122://
        -: 5123:// TODO(wan@google.com): Write tests for this once we add stdout
        -: 5124:// capturing to Google Test.
    #####: 5125:static void PrintColorEncoded(const char* str) {
    #####: 5126:  GTestColor color = COLOR_DEFAULT;  // The current color.
        -: 5127:
        -: 5128:  // Conceptually, we split the string into segments divided by escape
        -: 5129:  // sequences.  Then we print one segment at a time.  At the end of
        -: 5130:  // each iteration, the str pointer advances to the beginning of the
        -: 5131:  // next segment.
    #####: 5132:  for (;;) {
    #####: 5133:    const char* p = strchr(str, '@');
    #####: 5134:    if (p == NULL) {
    #####: 5135:      ColoredPrintf(color, "%s", str);
    #####: 5136:      return;
        -: 5137:    }
        -: 5138:
    #####: 5139:    ColoredPrintf(color, "%s", std::string(str, p).c_str());
        -: 5140:
    #####: 5141:    const char ch = p[1];
    #####: 5142:    str = p + 2;
    #####: 5143:    if (ch == '@') {
    #####: 5144:      ColoredPrintf(color, "@");
    #####: 5145:    } else if (ch == 'D') {
    #####: 5146:      color = COLOR_DEFAULT;
    #####: 5147:    } else if (ch == 'R') {
    #####: 5148:      color = COLOR_RED;
    #####: 5149:    } else if (ch == 'G') {
    #####: 5150:      color = COLOR_GREEN;
    #####: 5151:    } else if (ch == 'Y') {
    #####: 5152:      color = COLOR_YELLOW;
        -: 5153:    } else {
    #####: 5154:      --str;
        -: 5155:    }
        -: 5156:  }
        -: 5157:}
        -: 5158:
        -: 5159:static const char kColorEncodedHelpMessage[] =
        -: 5160:"This program contains tests written using " GTEST_NAME_ ". You can use the\n"
        -: 5161:"following command line flags to control its behavior:\n"
        -: 5162:"\n"
        -: 5163:"Test Selection:\n"
        -: 5164:"  @G--" GTEST_FLAG_PREFIX_ "list_tests@D\n"
        -: 5165:"      List the names of all tests instead of running them. The name of\n"
        -: 5166:"      TEST(Foo, Bar) is \"Foo.Bar\".\n"
        -: 5167:"  @G--" GTEST_FLAG_PREFIX_ "filter=@YPOSTIVE_PATTERNS"
        -: 5168:    "[@G-@YNEGATIVE_PATTERNS]@D\n"
        -: 5169:"      Run only the tests whose name matches one of the positive patterns but\n"
        -: 5170:"      none of the negative patterns. '?' matches any single character; '*'\n"
        -: 5171:"      matches any substring; ':' separates two patterns.\n"
        -: 5172:"  @G--" GTEST_FLAG_PREFIX_ "also_run_disabled_tests@D\n"
        -: 5173:"      Run all disabled tests too.\n"
        -: 5174:"\n"
        -: 5175:"Test Execution:\n"
        -: 5176:"  @G--" GTEST_FLAG_PREFIX_ "repeat=@Y[COUNT]@D\n"
        -: 5177:"      Run the tests repeatedly; use a negative count to repeat forever.\n"
        -: 5178:"  @G--" GTEST_FLAG_PREFIX_ "shuffle@D\n"
        -: 5179:"      Randomize tests' orders on every iteration.\n"
        -: 5180:"  @G--" GTEST_FLAG_PREFIX_ "random_seed=@Y[NUMBER]@D\n"
        -: 5181:"      Random number seed to use for shuffling test orders (between 1 and\n"
        -: 5182:"      99999, or 0 to use a seed based on the current time).\n"
        -: 5183:"\n"
        -: 5184:"Test Output:\n"
        -: 5185:"  @G--" GTEST_FLAG_PREFIX_ "color=@Y(@Gyes@Y|@Gno@Y|@Gauto@Y)@D\n"
        -: 5186:"      Enable/disable colored output. The default is @Gauto@D.\n"
        -: 5187:"  -@G-" GTEST_FLAG_PREFIX_ "print_time=0@D\n"
        -: 5188:"      Don't print the elapsed time of each test.\n"
        -: 5189:"  @G--" GTEST_FLAG_PREFIX_ "output=xml@Y[@G:@YDIRECTORY_PATH@G"
        -: 5190:    GTEST_PATH_SEP_ "@Y|@G:@YFILE_PATH]@D\n"
        -: 5191:"      Generate an XML report in the given directory or with the given file\n"
        -: 5192:"      name. @YFILE_PATH@D defaults to @Gtest_details.xml@D.\n"
        -: 5193:#if GTEST_CAN_STREAM_RESULTS_
        -: 5194:"  @G--" GTEST_FLAG_PREFIX_ "stream_result_to=@YHOST@G:@YPORT@D\n"
        -: 5195:"      Stream test results to the given server.\n"
        -: 5196:#endif  // GTEST_CAN_STREAM_RESULTS_
        -: 5197:"\n"
        -: 5198:"Assertion Behavior:\n"
        -: 5199:#if GTEST_HAS_DEATH_TEST && !GTEST_OS_WINDOWS
        -: 5200:"  @G--" GTEST_FLAG_PREFIX_ "death_test_style=@Y(@Gfast@Y|@Gthreadsafe@Y)@D\n"
        -: 5201:"      Set the default death test style.\n"
        -: 5202:#endif  // GTEST_HAS_DEATH_TEST && !GTEST_OS_WINDOWS
        -: 5203:"  @G--" GTEST_FLAG_PREFIX_ "break_on_failure@D\n"
        -: 5204:"      Turn assertion failures into debugger break-points.\n"
        -: 5205:"  @G--" GTEST_FLAG_PREFIX_ "throw_on_failure@D\n"
        -: 5206:"      Turn assertion failures into C++ exceptions.\n"
        -: 5207:"  @G--" GTEST_FLAG_PREFIX_ "catch_exceptions=0@D\n"
        -: 5208:"      Do not report exceptions as test failures. Instead, allow them\n"
        -: 5209:"      to crash the program or throw a pop-up (on Windows).\n"
        -: 5210:"\n"
        -: 5211:"Except for @G--" GTEST_FLAG_PREFIX_ "list_tests@D, you can alternatively set "
        -: 5212:    "the corresponding\n"
        -: 5213:"environment variable of a flag (all letters in upper-case). For example, to\n"
        -: 5214:"disable colored text output, you can either specify @G--" GTEST_FLAG_PREFIX_
        -: 5215:    "color=no@D or set\n"
        -: 5216:"the @G" GTEST_FLAG_PREFIX_UPPER_ "COLOR@D environment variable to @Gno@D.\n"
        -: 5217:"\n"
        -: 5218:"For more information, please read the " GTEST_NAME_ " documentation at\n"
        -: 5219:"@G" GTEST_PROJECT_URL_ "@D. If you find a bug in " GTEST_NAME_ "\n"
        -: 5220:"(not one in your own code or tests), please report it to\n"
        -: 5221:"@G<" GTEST_DEV_EMAIL_ ">@D.\n";
        -: 5222:
    #####: 5223:bool ParseGoogleTestFlag(const char* const arg) {
    #####: 5224:  return ParseBoolFlag(arg, kAlsoRunDisabledTestsFlag,
    #####: 5225:                       &GTEST_FLAG(also_run_disabled_tests)) ||
    #####: 5226:      ParseBoolFlag(arg, kBreakOnFailureFlag,
    #####: 5227:                    &GTEST_FLAG(break_on_failure)) ||
    #####: 5228:      ParseBoolFlag(arg, kCatchExceptionsFlag,
    #####: 5229:                    &GTEST_FLAG(catch_exceptions)) ||
    #####: 5230:      ParseStringFlag(arg, kColorFlag, &GTEST_FLAG(color)) ||
    #####: 5231:      ParseStringFlag(arg, kDeathTestStyleFlag,
    #####: 5232:                      &GTEST_FLAG(death_test_style)) ||
    #####: 5233:      ParseBoolFlag(arg, kDeathTestUseFork,
    #####: 5234:                    &GTEST_FLAG(death_test_use_fork)) ||
    #####: 5235:      ParseStringFlag(arg, kFilterFlag, &GTEST_FLAG(filter)) ||
    #####: 5236:      ParseStringFlag(arg, kInternalRunDeathTestFlag,
    #####: 5237:                      &GTEST_FLAG(internal_run_death_test)) ||
    #####: 5238:      ParseBoolFlag(arg, kListTestsFlag, &GTEST_FLAG(list_tests)) ||
    #####: 5239:      ParseStringFlag(arg, kOutputFlag, &GTEST_FLAG(output)) ||
    #####: 5240:      ParseBoolFlag(arg, kPrintTimeFlag, &GTEST_FLAG(print_time)) ||
    #####: 5241:      ParseInt32Flag(arg, kRandomSeedFlag, &GTEST_FLAG(random_seed)) ||
    #####: 5242:      ParseInt32Flag(arg, kRepeatFlag, &GTEST_FLAG(repeat)) ||
    #####: 5243:      ParseBoolFlag(arg, kShuffleFlag, &GTEST_FLAG(shuffle)) ||
    #####: 5244:      ParseInt32Flag(arg, kStackTraceDepthFlag,
    #####: 5245:                     &GTEST_FLAG(stack_trace_depth)) ||
    #####: 5246:      ParseStringFlag(arg, kStreamResultToFlag,
    #####: 5247:                      &GTEST_FLAG(stream_result_to)) ||
    #####: 5248:      ParseBoolFlag(arg, kThrowOnFailureFlag,
    #####: 5249:                    &GTEST_FLAG(throw_on_failure));
        -: 5250:}
        -: 5251:
        -: 5252:#if GTEST_USE_OWN_FLAGFILE_FLAG_
    #####: 5253:void LoadFlagsFromFile(const std::string& path) {
    #####: 5254:  FILE* flagfile = posix::FOpen(path.c_str(), "r");
    #####: 5255:  if (!flagfile) {
    #####: 5256:    fprintf(stderr,
        -: 5257:            "Unable to open file \"%s\"\n",
    #####: 5258:            GTEST_FLAG(flagfile).c_str());
    #####: 5259:    fflush(stderr);
    #####: 5260:    exit(EXIT_FAILURE);
        -: 5261:  }
    #####: 5262:  std::string contents(ReadEntireFile(flagfile));
    #####: 5263:  posix::FClose(flagfile);
    #####: 5264:  std::vector<std::string> lines;
    #####: 5265:  SplitString(contents, '\n', &lines);
    #####: 5266:  for (size_t i = 0; i < lines.size(); ++i) {
    #####: 5267:    if (lines[i].empty())
    #####: 5268:      continue;
    #####: 5269:    if (!ParseGoogleTestFlag(lines[i].c_str()))
    #####: 5270:      g_help_flag = true;
        -: 5271:  }
    #####: 5272:}
        -: 5273:#endif  // GTEST_USE_OWN_FLAGFILE_FLAG_
        -: 5274:
        -: 5275:// Parses the command line for Google Test flags, without initializing
        -: 5276:// other parts of Google Test.  The type parameter CharType can be
        -: 5277:// instantiated to either char or wchar_t.
        -: 5278:template <typename CharType>
        2: 5279:void ParseGoogleTestFlagsOnlyImpl(int* argc, CharType** argv) {
        2: 5280:  for (int i = 1; i < *argc; i++) {
    #####: 5281:    const std::string arg_string = StreamableToString(argv[i]);
    #####: 5282:    const char* const arg = arg_string.c_str();
        -: 5283:
        -: 5284:    using internal::ParseBoolFlag;
        -: 5285:    using internal::ParseInt32Flag;
        -: 5286:    using internal::ParseStringFlag;
        -: 5287:
    #####: 5288:    bool remove_flag = false;
    #####: 5289:    if (ParseGoogleTestFlag(arg)) {
    #####: 5290:      remove_flag = true;
        -: 5291:#if GTEST_USE_OWN_FLAGFILE_FLAG_
    #####: 5292:    } else if (ParseStringFlag(arg, kFlagfileFlag, &GTEST_FLAG(flagfile))) {
    #####: 5293:      LoadFlagsFromFile(GTEST_FLAG(flagfile));
    #####: 5294:      remove_flag = true;
        -: 5295:#endif  // GTEST_USE_OWN_FLAGFILE_FLAG_
    #####: 5296:    } else if (arg_string == "--help" || arg_string == "-h" ||
    #####: 5297:               arg_string == "-?" || arg_string == "/?" ||
    #####: 5298:               HasGoogleTestFlagPrefix(arg)) {
        -: 5299:      // Both help flag and unrecognized Google Test flags (excluding
        -: 5300:      // internal ones) trigger help display.
    #####: 5301:      g_help_flag = true;
        -: 5302:    }
        -: 5303:
    #####: 5304:    if (remove_flag) {
        -: 5305:      // Shift the remainder of the argv list left by one.  Note
        -: 5306:      // that argv has (*argc + 1) elements, the last one always being
        -: 5307:      // NULL.  The following loop moves the trailing NULL element as
        -: 5308:      // well.
    #####: 5309:      for (int j = i; j != *argc; j++) {
    #####: 5310:        argv[j] = argv[j + 1];
        -: 5311:      }
        -: 5312:
        -: 5313:      // Decrements the argument count.
    #####: 5314:      (*argc)--;
        -: 5315:
        -: 5316:      // We also need to decrement the iterator as we just removed
        -: 5317:      // an element.
    #####: 5318:      i--;
        -: 5319:    }
        -: 5320:  }
        -: 5321:
        2: 5322:  if (g_help_flag) {
        -: 5323:    // We print the help here instead of in RUN_ALL_TESTS(), as the
        -: 5324:    // latter may not be called at all if the user is using Google
        -: 5325:    // Test with another testing framework.
    #####: 5326:    PrintColorEncoded(kColorEncodedHelpMessage);
        -: 5327:  }
        2: 5328:}
        -: 5329:
        -: 5330:// Parses the command line for Google Test flags, without initializing
        -: 5331:// other parts of Google Test.
        2: 5332:void ParseGoogleTestFlagsOnly(int* argc, char** argv) {
        2: 5333:  ParseGoogleTestFlagsOnlyImpl(argc, argv);
        2: 5334:}
    #####: 5335:void ParseGoogleTestFlagsOnly(int* argc, wchar_t** argv) {
    #####: 5336:  ParseGoogleTestFlagsOnlyImpl(argc, argv);
    #####: 5337:}
        -: 5338:
        -: 5339:// The internal implementation of InitGoogleTest().
        -: 5340://
        -: 5341:// The type parameter CharType can be instantiated to either char or
        -: 5342:// wchar_t.
        -: 5343:template <typename CharType>
        2: 5344:void InitGoogleTestImpl(int* argc, CharType** argv) {
        -: 5345:  // We don't want to run the initialization code twice.
        2: 5346:  if (GTestIsInitialized()) return;
        -: 5347:
        2: 5348:  if (*argc <= 0) return;
        -: 5349:
        2: 5350:  g_argvs.clear();
        4: 5351:  for (int i = 0; i != *argc; i++) {
        2: 5352:    g_argvs.push_back(StreamableToString(argv[i]));
        -: 5353:  }
        -: 5354:
        2: 5355:  ParseGoogleTestFlagsOnly(argc, argv);
        2: 5356:  GetUnitTestImpl()->PostFlagParsingInit();
        -: 5357:}
        -: 5358:
        -: 5359:}  // namespace internal
        -: 5360:
        -: 5361:// Initializes Google Test.  This must be called before calling
        -: 5362:// RUN_ALL_TESTS().  In particular, it parses a command line for the
        -: 5363:// flags that Google Test recognizes.  Whenever a Google Test flag is
        -: 5364:// seen, it is removed from argv, and *argc is decremented.
        -: 5365://
        -: 5366:// No value is returned.  Instead, the Google Test flag variables are
        -: 5367:// updated.
        -: 5368://
        -: 5369:// Calling the function for the second time has no user-visible effect.
        2: 5370:void InitGoogleTest(int* argc, char** argv) {
        -: 5371:#if defined(GTEST_CUSTOM_INIT_GOOGLE_TEST_FUNCTION_)
        -: 5372:  GTEST_CUSTOM_INIT_GOOGLE_TEST_FUNCTION_(argc, argv);
        -: 5373:#else  // defined(GTEST_CUSTOM_INIT_GOOGLE_TEST_FUNCTION_)
        2: 5374:  internal::InitGoogleTestImpl(argc, argv);
        -: 5375:#endif  // defined(GTEST_CUSTOM_INIT_GOOGLE_TEST_FUNCTION_)
        2: 5376:}
        -: 5377:
        -: 5378:// This overloaded version can be used in Windows programs compiled in
        -: 5379:// UNICODE mode.
    #####: 5380:void InitGoogleTest(int* argc, wchar_t** argv) {
        -: 5381:#if defined(GTEST_CUSTOM_INIT_GOOGLE_TEST_FUNCTION_)
        -: 5382:  GTEST_CUSTOM_INIT_GOOGLE_TEST_FUNCTION_(argc, argv);
        -: 5383:#else  // defined(GTEST_CUSTOM_INIT_GOOGLE_TEST_FUNCTION_)
    #####: 5384:  internal::InitGoogleTestImpl(argc, argv);
        -: 5385:#endif  // defined(GTEST_CUSTOM_INIT_GOOGLE_TEST_FUNCTION_)
    #####: 5386:}
        -: 5387:
        -: 5388:}  // namespace testing
