        -:    0:Source:/home/ashwin/Academics/enpm_808x/git_cloned/enpm808x_pid_controller/test/test.cpp
        -:    0:Graph:/home/ashwin/Academics/enpm_808x/git_cloned/enpm808x_pid_controller/build/test/CMakeFiles/cpp-test.dir/test.cpp.gcno
        -:    0:Data:/home/ashwin/Academics/enpm_808x/git_cloned/enpm808x_pid_controller/build/test/CMakeFiles/cpp-test.dir/test.cpp.gcda
        -:    0:Runs:2
        -:    0:Programs:1
        -:    1:#include <gtest/gtest.h>
        -:    2:
       10:    3:TEST(dummy, should_pass) {
        2:    4:  EXPECT_EQ(1, 1);
        8:    5:}
